# JRE version: OpenJDK Runtime Environment (17.0.6) (build 17.0.6+0-b2043.56-10027231)
# Java VM: OpenJDK 64-Bit Server VM (17.0.6+0-b2043.56-10027231, mixed mode, tiered, compressed oops, compressed class ptrs, g1 gc, windows-amd64)
GC Precious Log:
 CPUs: 8 total, 8 available
 Memory: 7865M
 Large Page Support: Disabled
 NUMA Support: Disabled
 Compressed Oops: Enabled (32-bit)
 Heap Region Size: 1M
 Heap Min Capacity: 8M
 Heap Initial Capacity: 124M
 Heap Max Capacity: 1968M
 Pre-touch: Disabled
 Parallel Workers: 8
 Concurrent Workers: 2
 Concurrent Refinement Workers: 8
 Periodic GC: Disabled
Heap:
 garbage-first heap   total 307200K, used 242801K [0x0000000085000000, 0x0000000100000000)
  region size 1024K, 62 young (63488K), 6 survivors (6144K)
 Metaspace       used 73536K, committed 73856K, reserved 1122304K
  class space    used 8118K, committed 8256K, reserved 1048576K
GC Heap History (20 events):
Event: 17.214 GC heap before
{Heap before GC invocations=34 (full 0):
 garbage-first heap   total 238592K, used 194011K [0x0000000085000000, 0x0000000100000000)
  region size 1024K, 50 young (51200K), 2 survivors (2048K)
 Metaspace       used 71804K, committed 72128K, reserved 1114112K
  class space    used 8028K, committed 8192K, reserved 1048576K
}
Event: 17.221 GC heap after
{Heap after GC invocations=35 (full 0):
 garbage-first heap   total 238592K, used 148149K [0x0000000085000000, 0x0000000100000000)
  region size 1024K, 5 young (5120K), 5 survivors (5120K)
 Metaspace       used 71804K, committed 72128K, reserved 1114112K
  class space    used 8028K, committed 8192K, reserved 1048576K
}
Event: 18.310 GC heap before
{Heap before GC invocations=36 (full 0):
 garbage-first heap   total 256000K, used 194229K [0x0000000085000000, 0x0000000100000000)
  region size 1024K, 52 young (53248K), 5 survivors (5120K)
 Metaspace       used 72135K, committed 72448K, reserved 1114112K
  class space    used 8053K, committed 8192K, reserved 1048576K
}
Event: 18.321 GC heap after
{Heap after GC invocations=37 (full 0):
 garbage-first heap   total 256000K, used 151101K [0x0000000085000000, 0x0000000100000000)
  region size 1024K, 5 young (5120K), 5 survivors (5120K)
 Metaspace       used 72135K, committed 72448K, reserved 1114112K
  class space    used 8053K, committed 8192K, reserved 1048576K
}
Event: 18.485 GC heap before
{Heap before GC invocations=37 (full 0):
 garbage-first heap   total 256000K, used 158269K [0x0000000085000000, 0x0000000100000000)
  region size 1024K, 12 young (12288K), 5 survivors (5120K)
 Metaspace       used 72298K, committed 72576K, reserved 1114112K
  class space    used 8074K, committed 8192K, reserved 1048576K
}
Event: 18.494 GC heap after
{Heap after GC invocations=38 (full 0):
 garbage-first heap   total 256000K, used 150239K [0x0000000085000000, 0x0000000100000000)
  region size 1024K, 1 young (1024K), 1 survivors (1024K)
 Metaspace       used 72298K, committed 72576K, reserved 1114112K
  class space    used 8074K, committed 8192K, reserved 1048576K
}
Event: 19.890 GC heap before
{Heap before GC invocations=38 (full 0):
 garbage-first heap   total 256000K, used 210655K [0x0000000085000000, 0x0000000100000000)
  region size 1024K, 60 young (61440K), 1 survivors (1024K)
 Metaspace       used 72515K, committed 72832K, reserved 1114112K
  class space    used 8077K, committed 8256K, reserved 1048576K
}
Event: 19.899 GC heap after
{Heap after GC invocations=39 (full 0):
 garbage-first heap   total 307200K, used 155256K [0x0000000085000000, 0x0000000100000000)
  region size 1024K, 6 young (6144K), 6 survivors (6144K)
 Metaspace       used 72515K, committed 72832K, reserved 1114112K
  class space    used 8077K, committed 8256K, reserved 1048576K
}
Event: 22.015 GC heap before
{Heap before GC invocations=40 (full 0):
 garbage-first heap   total 307200K, used 247416K [0x0000000085000000, 0x0000000100000000)
  region size 1024K, 96 young (98304K), 6 survivors (6144K)
 Metaspace       used 72801K, committed 73152K, reserved 1114112K
  class space    used 8084K, committed 8256K, reserved 1048576K
}
Event: 22.030 GC heap after
{Heap after GC invocations=41 (full 0):
 garbage-first heap   total 307200K, used 162321K [0x0000000085000000, 0x0000000100000000)
  region size 1024K, 12 young (12288K), 12 survivors (12288K)
 Metaspace       used 72801K, committed 73152K, reserved 1114112K
  class space    used 8084K, committed 8256K, reserved 1048576K
}
Event: 22.099 GC heap before
{Heap before GC invocations=41 (full 0):
 garbage-first heap   total 307200K, used 165393K [0x0000000085000000, 0x0000000100000000)
  region size 1024K, 15 young (15360K), 12 survivors (12288K)
 Metaspace       used 72807K, committed 73216K, reserved 1114112K
  class space    used 8084K, committed 8256K, reserved 1048576K
}
Event: 22.113 GC heap after
{Heap after GC invocations=42 (full 0):
 garbage-first heap   total 307200K, used 162665K [0x0000000085000000, 0x0000000100000000)
  region size 1024K, 2 young (2048K), 2 survivors (2048K)
 Metaspace       used 72807K, committed 73216K, reserved 1114112K
  class space    used 8084K, committed 8256K, reserved 1048576K
}
Event: 23.694 GC heap before
{Heap before GC invocations=42 (full 0):
 garbage-first heap   total 307200K, used 250729K [0x0000000085000000, 0x0000000100000000)
  region size 1024K, 88 young (90112K), 2 survivors (2048K)
 Metaspace       used 72914K, committed 73280K, reserved 1114112K
  class space    used 8088K, committed 8256K, reserved 1048576K
}
Event: 23.703 GC heap after
{Heap after GC invocations=43 (full 0):
 garbage-first heap   total 307200K, used 168408K [0x0000000085000000, 0x0000000100000000)
  region size 1024K, 8 young (8192K), 8 survivors (8192K)
 Metaspace       used 72914K, committed 73280K, reserved 1114112K
  class space    used 8088K, committed 8256K, reserved 1048576K
}
Event: 25.125 GC heap before
{Heap before GC invocations=43 (full 0):
 garbage-first heap   total 307200K, used 252376K [0x0000000085000000, 0x0000000100000000)
  region size 1024K, 90 young (92160K), 8 survivors (8192K)
 Metaspace       used 73108K, committed 73472K, reserved 1114112K
  class space    used 8095K, committed 8256K, reserved 1048576K
}
Event: 25.139 GC heap after
{Heap after GC invocations=44 (full 0):
 garbage-first heap   total 307200K, used 174364K [0x0000000085000000, 0x0000000100000000)
  region size 1024K, 7 young (7168K), 7 survivors (7168K)
 Metaspace       used 73108K, committed 73472K, reserved 1114112K
  class space    used 8095K, committed 8256K, reserved 1048576K
}
Event: 26.416 GC heap before
{Heap before GC invocations=44 (full 0):
 garbage-first heap   total 307200K, used 255260K [0x0000000085000000, 0x0000000100000000)
  region size 1024K, 86 young (88064K), 7 survivors (7168K)
 Metaspace       used 73346K, committed 73728K, reserved 1114112K
  class space    used 8112K, committed 8256K, reserved 1048576K
}
Event: 26.428 GC heap after
{Heap after GC invocations=45 (full 0):
 garbage-first heap   total 307200K, used 180858K [0x0000000085000000, 0x0000000100000000)
  region size 1024K, 7 young (7168K), 7 survivors (7168K)
 Metaspace       used 73346K, committed 73728K, reserved 1114112K
  class space    used 8112K, committed 8256K, reserved 1048576K
}
Event: 27.750 GC heap before
{Heap before GC invocations=45 (full 0):
 garbage-first heap   total 307200K, used 256634K [0x0000000085000000, 0x0000000100000000)
  region size 1024K, 81 young (82944K), 7 survivors (7168K)
 Metaspace       used 73414K, committed 73728K, reserved 1114112K
  class space    used 8116K, committed 8256K, reserved 1048576K
}
Event: 27.768 GC heap after
{Heap after GC invocations=46 (full 0):
 garbage-first heap   total 307200K, used 186481K [0x0000000085000000, 0x0000000100000000)
  region size 1024K, 6 young (6144K), 6 survivors (6144K)
 Metaspace       used 73414K, committed 73728K, reserved 1114112K
  class space    used 8116K, committed 8256K, reserved 1048576K
}

