# JRE version: OpenJDK Runtime Environment (17.0.6) (build 17.0.6+0-b2043.56-10027231)
# Java VM: OpenJDK 64-Bit Server VM (17.0.6+0-b2043.56-10027231, mixed mode, tiered, compressed oops, compressed class ptrs, g1 gc, windows-amd64)
GC Precious Log:
 CPUs: 8 total, 8 available
 Memory: 7865M
 Large Page Support: Disabled
 NUMA Support: Disabled
 Compressed Oops: Enabled (32-bit)
 Heap Region Size: 1M
 Heap Min Capacity: 8M
 Heap Initial Capacity: 124M
 Heap Max Capacity: 2G
 Pre-touch: Disabled
 Parallel Workers: 8
 Concurrent Workers: 2
 Concurrent Refinement Workers: 8
 Periodic GC: Disabled
Heap:
 garbage-first heap   total 148480K, used 77848K [0x0000000080000000, 0x0000000100000000)
  region size 1024K, 6 young (6144K), 6 survivors (6144K)
 Metaspace       used 83037K, committed 83648K, reserved 1122304K
  class space    used 10940K, committed 11200K, reserved 1048576K
GC Heap History (20 events):
Event: 5.646 GC heap after
{Heap after GC invocations=14 (full 0):
 garbage-first heap   total 86016K, used 36219K [0x0000000080000000, 0x0000000100000000)
  region size 1024K, 5 young (5120K), 5 survivors (5120K)
 Metaspace       used 56203K, committed 56704K, reserved 1097728K
  class space    used 7447K, committed 7680K, reserved 1048576K
}
Event: 7.739 GC heap before
{Heap before GC invocations=14 (full 0):
 garbage-first heap   total 86016K, used 65915K [0x0000000080000000, 0x0000000100000000)
  region size 1024K, 35 young (35840K), 5 survivors (5120K)
 Metaspace       used 60089K, committed 60544K, reserved 1105920K
  class space    used 7969K, committed 8192K, reserved 1048576K
}
Event: 7.745 GC heap after
{Heap after GC invocations=15 (full 0):
 garbage-first heap   total 86016K, used 41618K [0x0000000080000000, 0x0000000100000000)
  region size 1024K, 5 young (5120K), 5 survivors (5120K)
 Metaspace       used 60089K, committed 60544K, reserved 1105920K
  class space    used 7969K, committed 8192K, reserved 1048576K
}
Event: 7.778 GC heap before
{Heap before GC invocations=15 (full 0):
 garbage-first heap   total 86016K, used 43666K [0x0000000080000000, 0x0000000100000000)
  region size 1024K, 9 young (9216K), 5 survivors (5120K)
 Metaspace       used 60131K, committed 60608K, reserved 1105920K
  class space    used 7972K, committed 8192K, reserved 1048576K
}
Event: 7.783 GC heap after
{Heap after GC invocations=16 (full 0):
 garbage-first heap   total 86016K, used 42644K [0x0000000080000000, 0x0000000100000000)
  region size 1024K, 1 young (1024K), 1 survivors (1024K)
 Metaspace       used 60131K, committed 60608K, reserved 1105920K
  class space    used 7972K, committed 8192K, reserved 1048576K
}
Event: 7.910 GC heap before
{Heap before GC invocations=17 (full 0):
 garbage-first heap   total 86016K, used 52884K [0x0000000080000000, 0x0000000100000000)
  region size 1024K, 12 young (12288K), 1 survivors (1024K)
 Metaspace       used 60387K, committed 60928K, reserved 1105920K
  class space    used 8011K, committed 8256K, reserved 1048576K
}
Event: 7.912 GC heap after
{Heap after GC invocations=18 (full 0):
 garbage-first heap   total 86016K, used 44381K [0x0000000080000000, 0x0000000100000000)
  region size 1024K, 3 young (3072K), 3 survivors (3072K)
 Metaspace       used 60387K, committed 60928K, reserved 1105920K
  class space    used 8011K, committed 8256K, reserved 1048576K
}
Event: 8.249 GC heap before
{Heap before GC invocations=19 (full 0):
 garbage-first heap   total 86016K, used 76125K [0x0000000080000000, 0x0000000100000000)
  region size 1024K, 25 young (25600K), 3 survivors (3072K)
 Metaspace       used 62277K, committed 62848K, reserved 1105920K
  class space    used 8253K, committed 8512K, reserved 1048576K
}
Event: 8.255 GC heap after
{Heap after GC invocations=20 (full 0):
 garbage-first heap   total 87040K, used 60284K [0x0000000080000000, 0x0000000100000000)
  region size 1024K, 4 young (4096K), 4 survivors (4096K)
 Metaspace       used 62277K, committed 62848K, reserved 1105920K
  class space    used 8253K, committed 8512K, reserved 1048576K
}
Event: 8.267 GC heap before
{Heap before GC invocations=20 (full 0):
 garbage-first heap   total 87040K, used 61308K [0x0000000080000000, 0x0000000100000000)
  region size 1024K, 5 young (5120K), 4 survivors (4096K)
 Metaspace       used 62421K, committed 62976K, reserved 1105920K
  class space    used 8273K, committed 8512K, reserved 1048576K
}
Event: 8.270 GC heap after
{Heap after GC invocations=21 (full 0):
 garbage-first heap   total 148480K, used 59881K [0x0000000080000000, 0x0000000100000000)
  region size 1024K, 1 young (1024K), 1 survivors (1024K)
 Metaspace       used 62421K, committed 62976K, reserved 1105920K
  class space    used 8273K, committed 8512K, reserved 1048576K
}
Event: 8.809 GC heap before
{Heap before GC invocations=21 (full 0):
 garbage-first heap   total 148480K, used 100841K [0x0000000080000000, 0x0000000100000000)
  region size 1024K, 41 young (41984K), 1 survivors (1024K)
 Metaspace       used 68709K, committed 69312K, reserved 1114112K
  class space    used 9046K, committed 9344K, reserved 1048576K
}
Event: 8.812 GC heap after
{Heap after GC invocations=22 (full 0):
 garbage-first heap   total 148480K, used 61428K [0x0000000080000000, 0x0000000100000000)
  region size 1024K, 2 young (2048K), 2 survivors (2048K)
 Metaspace       used 68709K, committed 69312K, reserved 1114112K
  class space    used 9046K, committed 9344K, reserved 1048576K
}
Event: 9.207 GC heap before
{Heap before GC invocations=22 (full 0):
 garbage-first heap   total 148480K, used 110580K [0x0000000080000000, 0x0000000100000000)
  region size 1024K, 44 young (45056K), 2 survivors (2048K)
 Metaspace       used 72974K, committed 73536K, reserved 1114112K
  class space    used 9614K, committed 9856K, reserved 1048576K
}
Event: 9.212 GC heap after
{Heap after GC invocations=23 (full 0):
 garbage-first heap   total 148480K, used 65946K [0x0000000080000000, 0x0000000100000000)
  region size 1024K, 6 young (6144K), 6 survivors (6144K)
 Metaspace       used 72974K, committed 73536K, reserved 1114112K
  class space    used 9614K, committed 9856K, reserved 1048576K
}
Event: 9.688 GC heap before
{Heap before GC invocations=23 (full 0):
 garbage-first heap   total 148480K, used 108954K [0x0000000080000000, 0x0000000100000000)
  region size 1024K, 48 young (49152K), 6 survivors (6144K)
 Metaspace       used 77129K, committed 77632K, reserved 1122304K
  class space    used 10165K, committed 10368K, reserved 1048576K
}
Event: 9.694 GC heap after
{Heap after GC invocations=24 (full 0):
 garbage-first heap   total 148480K, used 69117K [0x0000000080000000, 0x0000000100000000)
  region size 1024K, 4 young (4096K), 4 survivors (4096K)
 Metaspace       used 77129K, committed 77632K, reserved 1122304K
  class space    used 10165K, committed 10368K, reserved 1048576K
}
Event: 10.107 GC heap before
{Heap before GC invocations=24 (full 0):
 garbage-first heap   total 148480K, used 111101K [0x0000000080000000, 0x0000000100000000)
  region size 1024K, 45 young (46080K), 4 survivors (4096K)
 Metaspace       used 80827K, committed 81344K, reserved 1122304K
  class space    used 10665K, committed 10880K, reserved 1048576K
}
Event: 10.116 GC heap after
{Heap after GC invocations=25 (full 0):
 garbage-first heap   total 148480K, used 72287K [0x0000000080000000, 0x0000000100000000)
  region size 1024K, 6 young (6144K), 6 survivors (6144K)
 Metaspace       used 80827K, committed 81344K, reserved 1122304K
  class space    used 10665K, committed 10880K, reserved 1048576K
}
Event: 10.496 GC heap before
{Heap before GC invocations=25 (full 0):
 garbage-first heap   total 148480K, used 114271K [0x0000000080000000, 0x0000000100000000)
  region size 1024K, 47 young (48128K), 6 survivors (6144K)
 Metaspace       used 83037K, committed 83648K, reserved 1122304K
  class space    used 10940K, committed 11200K, reserved 1048576K
}

