# JRE version: OpenJDK Runtime Environment (17.0.6) (build 17.0.6+0-b2043.56-10027231)
# Java VM: OpenJDK 64-Bit Server VM (17.0.6+0-b2043.56-10027231, mixed mode, tiered, compressed oops, compressed class ptrs, g1 gc, windows-amd64)
GC Precious Log:
 CPUs: 8 total, 8 available
 Memory: 7865M
 Large Page Support: Disabled
 NUMA Support: Disabled
 Compressed Oops: Enabled (32-bit)
 Heap Region Size: 1M
 Heap Min Capacity: 8M
 Heap Initial Capacity: 124M
 Heap Max Capacity: 1968M
 Pre-touch: Disabled
 Parallel Workers: 8
 Concurrent Workers: 2
 Concurrent Refinement Workers: 8
 Periodic GC: Disabled
Heap:
 garbage-first heap   total 354304K, used 289703K [0x0000000085000000, 0x0000000100000000)
  region size 1024K, 33 young (33792K), 5 survivors (5120K)
 Metaspace       used 74320K, committed 74688K, reserved 1122304K
  class space    used 8127K, committed 8320K, reserved 1048576K
GC Heap History (20 events):
Event: 42.404 GC heap before
{Heap before GC invocations=81 (full 0):
 garbage-first heap   total 294912K, used 263847K [0x0000000085000000, 0x0000000100000000)
  region size 1024K, 14 young (14336K), 2 survivors (2048K)
 Metaspace       used 74146K, committed 74560K, reserved 1122304K
  class space    used 8126K, committed 8320K, reserved 1048576K
}
Event: 42.408 GC heap after
{Heap after GC invocations=82 (full 0):
 garbage-first heap   total 294912K, used 252495K [0x0000000085000000, 0x0000000100000000)
  region size 1024K, 2 young (2048K), 2 survivors (2048K)
 Metaspace       used 74146K, committed 74560K, reserved 1122304K
  class space    used 8126K, committed 8320K, reserved 1048576K
}
Event: 42.556 GC heap before
{Heap before GC invocations=82 (full 0):
 garbage-first heap   total 294912K, used 264783K [0x0000000085000000, 0x0000000100000000)
  region size 1024K, 14 young (14336K), 2 survivors (2048K)
 Metaspace       used 74148K, committed 74560K, reserved 1122304K
  class space    used 8126K, committed 8320K, reserved 1048576K
}
Event: 42.559 GC heap after
{Heap after GC invocations=83 (full 0):
 garbage-first heap   total 294912K, used 253231K [0x0000000085000000, 0x0000000100000000)
  region size 1024K, 2 young (2048K), 2 survivors (2048K)
 Metaspace       used 74148K, committed 74560K, reserved 1122304K
  class space    used 8126K, committed 8320K, reserved 1048576K
}
Event: 42.698 GC heap before
{Heap before GC invocations=83 (full 0):
 garbage-first heap   total 294912K, used 265519K [0x0000000085000000, 0x0000000100000000)
  region size 1024K, 14 young (14336K), 2 survivors (2048K)
 Metaspace       used 74154K, committed 74560K, reserved 1122304K
  class space    used 8127K, committed 8320K, reserved 1048576K
}
Event: 42.702 GC heap after
{Heap after GC invocations=84 (full 0):
 garbage-first heap   total 294912K, used 254129K [0x0000000085000000, 0x0000000100000000)
  region size 1024K, 2 young (2048K), 2 survivors (2048K)
 Metaspace       used 74154K, committed 74560K, reserved 1122304K
  class space    used 8127K, committed 8320K, reserved 1048576K
}
Event: 42.816 GC heap before
{Heap before GC invocations=84 (full 0):
 garbage-first heap   total 294912K, used 266417K [0x0000000085000000, 0x0000000100000000)
  region size 1024K, 14 young (14336K), 2 survivors (2048K)
 Metaspace       used 74173K, committed 74560K, reserved 1122304K
  class space    used 8127K, committed 8320K, reserved 1048576K
}
Event: 42.820 GC heap after
{Heap after GC invocations=85 (full 0):
 garbage-first heap   total 294912K, used 254953K [0x0000000085000000, 0x0000000100000000)
  region size 1024K, 2 young (2048K), 2 survivors (2048K)
 Metaspace       used 74173K, committed 74560K, reserved 1122304K
  class space    used 8127K, committed 8320K, reserved 1048576K
}
Event: 43.110 GC heap before
{Heap before GC invocations=85 (full 0):
 garbage-first heap   total 294912K, used 267241K [0x0000000085000000, 0x0000000100000000)
  region size 1024K, 14 young (14336K), 2 survivors (2048K)
 Metaspace       used 74177K, committed 74560K, reserved 1122304K
  class space    used 8127K, committed 8320K, reserved 1048576K
}
Event: 43.113 GC heap after
{Heap after GC invocations=86 (full 0):
 garbage-first heap   total 294912K, used 255661K [0x0000000085000000, 0x0000000100000000)
  region size 1024K, 2 young (2048K), 2 survivors (2048K)
 Metaspace       used 74177K, committed 74560K, reserved 1122304K
  class space    used 8127K, committed 8320K, reserved 1048576K
}
Event: 43.282 GC heap before
{Heap before GC invocations=86 (full 0):
 garbage-first heap   total 294912K, used 267949K [0x0000000085000000, 0x0000000100000000)
  region size 1024K, 14 young (14336K), 2 survivors (2048K)
 Metaspace       used 74185K, committed 74560K, reserved 1122304K
  class space    used 8127K, committed 8320K, reserved 1048576K
}
Event: 43.285 GC heap after
{Heap after GC invocations=87 (full 0):
 garbage-first heap   total 294912K, used 256251K [0x0000000085000000, 0x0000000100000000)
  region size 1024K, 2 young (2048K), 2 survivors (2048K)
 Metaspace       used 74185K, committed 74560K, reserved 1122304K
  class space    used 8127K, committed 8320K, reserved 1048576K
}
Event: 43.397 GC heap before
{Heap before GC invocations=87 (full 0):
 garbage-first heap   total 294912K, used 268539K [0x0000000085000000, 0x0000000100000000)
  region size 1024K, 14 young (14336K), 2 survivors (2048K)
 Metaspace       used 74202K, committed 74560K, reserved 1122304K
  class space    used 8127K, committed 8320K, reserved 1048576K
}
Event: 43.400 GC heap after
{Heap after GC invocations=88 (full 0):
 garbage-first heap   total 294912K, used 257243K [0x0000000085000000, 0x0000000100000000)
  region size 1024K, 2 young (2048K), 2 survivors (2048K)
 Metaspace       used 74202K, committed 74560K, reserved 1122304K
  class space    used 8127K, committed 8320K, reserved 1048576K
}
Event: 43.513 GC heap before
{Heap before GC invocations=88 (full 0):
 garbage-first heap   total 294912K, used 269531K [0x0000000085000000, 0x0000000100000000)
  region size 1024K, 14 young (14336K), 2 survivors (2048K)
 Metaspace       used 74266K, committed 74624K, reserved 1122304K
  class space    used 8127K, committed 8320K, reserved 1048576K
}
Event: 43.516 GC heap after
{Heap after GC invocations=89 (full 0):
 garbage-first heap   total 294912K, used 258168K [0x0000000085000000, 0x0000000100000000)
  region size 1024K, 2 young (2048K), 2 survivors (2048K)
 Metaspace       used 74266K, committed 74624K, reserved 1122304K
  class space    used 8127K, committed 8320K, reserved 1048576K
}
Event: 43.627 GC heap before
{Heap before GC invocations=89 (full 0):
 garbage-first heap   total 294912K, used 270456K [0x0000000085000000, 0x0000000100000000)
  region size 1024K, 14 young (14336K), 2 survivors (2048K)
 Metaspace       used 74273K, committed 74688K, reserved 1122304K
  class space    used 8127K, committed 8320K, reserved 1048576K
}
Event: 43.630 GC heap after
{Heap after GC invocations=90 (full 0):
 garbage-first heap   total 354304K, used 259016K [0x0000000085000000, 0x0000000100000000)
  region size 1024K, 2 young (2048K), 2 survivors (2048K)
 Metaspace       used 74273K, committed 74688K, reserved 1122304K
  class space    used 8127K, committed 8320K, reserved 1048576K
}
Event: 44.175 GC heap before
{Heap before GC invocations=90 (full 0):
 garbage-first heap   total 354304K, used 310216K [0x0000000085000000, 0x0000000100000000)
  region size 1024K, 52 young (53248K), 2 survivors (2048K)
 Metaspace       used 74313K, committed 74688K, reserved 1122304K
  class space    used 8127K, committed 8320K, reserved 1048576K
}
Event: 44.180 GC heap after
{Heap after GC invocations=91 (full 0):
 garbage-first heap   total 354304K, used 262055K [0x0000000085000000, 0x0000000100000000)
  region size 1024K, 5 young (5120K), 5 survivors (5120K)
 Metaspace       used 74313K, committed 74688K, reserved 1122304K
  class space    used 8127K, committed 8320K, reserved 1048576K
}

