# JRE version: OpenJDK Runtime Environment (17.0.6) (build 17.0.6+0-b2043.56-10027231)
# Java VM: OpenJDK 64-Bit Server VM (17.0.6+0-b2043.56-10027231, mixed mode, tiered, compressed oops, compressed class ptrs, g1 gc, windows-amd64)
GC Precious Log:
 CPUs: 8 total, 8 available
 Memory: 7865M
 Large Page Support: Disabled
 NUMA Support: Disabled
 Compressed Oops: Enabled (32-bit)
 Heap Region Size: 1M
 Heap Min Capacity: 8M
 Heap Initial Capacity: 124M
 Heap Max Capacity: 2G
 Pre-touch: Disabled
 Parallel Workers: 8
 Concurrent Workers: 2
 Concurrent Refinement Workers: 8
 Periodic GC: Disabled
Heap:
 garbage-first heap   total 380928K, used 203466K [0x0000000080000000, 0x0000000100000000)
  region size 1024K, 2 young (2048K), 2 survivors (2048K)
 Metaspace       used 117743K, committed 118656K, reserved 1155072K
  class space    used 15739K, committed 16192K, reserved 1048576K
GC Heap History (20 events):
Event: 200.993 GC heap after
{Heap after GC invocations=62 (full 0):
 garbage-first heap   total 248832K, used 183496K [0x0000000080000000, 0x0000000100000000)
  region size 1024K, 6 young (6144K), 6 survivors (6144K)
 Metaspace       used 108498K, committed 109376K, reserved 1146880K
  class space    used 14574K, committed 14976K, reserved 1048576K
}
Event: 201.230 GC heap before
{Heap before GC invocations=62 (full 0):
 garbage-first heap   total 248832K, used 210120K [0x0000000080000000, 0x0000000100000000)
  region size 1024K, 32 young (32768K), 6 survivors (6144K)
 Metaspace       used 108597K, committed 109440K, reserved 1146880K
  class space    used 14583K, committed 14976K, reserved 1048576K
}
Event: 201.241 GC heap after
{Heap after GC invocations=63 (full 0):
 garbage-first heap   total 299008K, used 186540K [0x0000000080000000, 0x0000000100000000)
  region size 1024K, 4 young (4096K), 4 survivors (4096K)
 Metaspace       used 108597K, committed 109440K, reserved 1146880K
  class space    used 14583K, committed 14976K, reserved 1048576K
}
Event: 201.630 GC heap before
{Heap before GC invocations=63 (full 0):
 garbage-first heap   total 299008K, used 245932K [0x0000000080000000, 0x0000000100000000)
  region size 1024K, 62 young (63488K), 4 survivors (4096K)
 Metaspace       used 108597K, committed 109440K, reserved 1146880K
  class space    used 14583K, committed 14976K, reserved 1048576K
}
Event: 201.634 GC heap after
{Heap after GC invocations=64 (full 0):
 garbage-first heap   total 299008K, used 188164K [0x0000000080000000, 0x0000000100000000)
  region size 1024K, 6 young (6144K), 6 survivors (6144K)
 Metaspace       used 108597K, committed 109440K, reserved 1146880K
  class space    used 14583K, committed 14976K, reserved 1048576K
}
Event: 202.279 GC heap before
{Heap before GC invocations=64 (full 0):
 garbage-first heap   total 299008K, used 239364K [0x0000000080000000, 0x0000000100000000)
  region size 1024K, 58 young (59392K), 6 survivors (6144K)
 Metaspace       used 109438K, committed 110208K, reserved 1146880K
  class space    used 14702K, committed 15104K, reserved 1048576K
}
Event: 202.301 GC heap after
{Heap after GC invocations=65 (full 0):
 garbage-first heap   total 299008K, used 193818K [0x0000000080000000, 0x0000000100000000)
  region size 1024K, 8 young (8192K), 8 survivors (8192K)
 Metaspace       used 109438K, committed 110208K, reserved 1146880K
  class space    used 14702K, committed 15104K, reserved 1048576K
}
Event: 204.009 GC heap before
{Heap before GC invocations=66 (full 0):
 garbage-first heap   total 342016K, used 252186K [0x0000000080000000, 0x0000000100000000)
  region size 1024K, 60 young (61440K), 8 survivors (8192K)
 Metaspace       used 115732K, committed 116544K, reserved 1155072K
  class space    used 15485K, committed 15872K, reserved 1048576K
}
Event: 204.030 GC heap after
{Heap after GC invocations=67 (full 0):
 garbage-first heap   total 342016K, used 208669K [0x0000000080000000, 0x0000000100000000)
  region size 1024K, 8 young (8192K), 8 survivors (8192K)
 Metaspace       used 115732K, committed 116544K, reserved 1155072K
  class space    used 15485K, committed 15872K, reserved 1048576K
}
Event: 204.281 GC heap before
{Heap before GC invocations=67 (full 0):
 garbage-first heap   total 342016K, used 216861K [0x0000000080000000, 0x0000000100000000)
  region size 1024K, 16 young (16384K), 8 survivors (8192K)
 Metaspace       used 115760K, committed 116544K, reserved 1155072K
  class space    used 15487K, committed 15872K, reserved 1048576K
}
Event: 204.328 GC heap after
{Heap after GC invocations=68 (full 0):
 garbage-first heap   total 342016K, used 204337K [0x0000000080000000, 0x0000000100000000)
  region size 1024K, 2 young (2048K), 2 survivors (2048K)
 Metaspace       used 115760K, committed 116544K, reserved 1155072K
  class space    used 15487K, committed 15872K, reserved 1048576K
}
Event: 205.812 GC heap before
{Heap before GC invocations=68 (full 0):
 garbage-first heap   total 342016K, used 280113K [0x0000000080000000, 0x0000000100000000)
  region size 1024K, 75 young (76800K), 2 survivors (2048K)
 Metaspace       used 117637K, committed 118528K, reserved 1155072K
  class space    used 15725K, committed 16128K, reserved 1048576K
}
Event: 205.822 GC heap after
{Heap after GC invocations=69 (full 0):
 garbage-first heap   total 342016K, used 208879K [0x0000000080000000, 0x0000000100000000)
  region size 1024K, 9 young (9216K), 9 survivors (9216K)
 Metaspace       used 117637K, committed 118528K, reserved 1155072K
  class space    used 15725K, committed 16128K, reserved 1048576K
}
Event: 206.188 GC heap before
{Heap before GC invocations=69 (full 0):
 garbage-first heap   total 342016K, used 276463K [0x0000000080000000, 0x0000000100000000)
  region size 1024K, 76 young (77824K), 9 survivors (9216K)
 Metaspace       used 117641K, committed 118528K, reserved 1155072K
  class space    used 15725K, committed 16128K, reserved 1048576K
}
Event: 206.215 GC heap after
{Heap after GC invocations=70 (full 0):
 garbage-first heap   total 342016K, used 213158K [0x0000000080000000, 0x0000000100000000)
  region size 1024K, 5 young (5120K), 5 survivors (5120K)
 Metaspace       used 117641K, committed 118528K, reserved 1155072K
  class space    used 15725K, committed 16128K, reserved 1048576K
}
Event: 206.494 GC heap before
{Heap before GC invocations=71 (full 0):
 garbage-first heap   total 380928K, used 281766K [0x0000000080000000, 0x0000000100000000)
  region size 1024K, 72 young (73728K), 5 survivors (5120K)
 Metaspace       used 117705K, committed 118656K, reserved 1155072K
  class space    used 15737K, committed 16192K, reserved 1048576K
}
Event: 206.504 GC heap after
{Heap after GC invocations=72 (full 0):
 garbage-first heap   total 380928K, used 216230K [0x0000000080000000, 0x0000000100000000)
  region size 1024K, 8 young (8192K), 8 survivors (8192K)
 Metaspace       used 117705K, committed 118656K, reserved 1155072K
  class space    used 15737K, committed 16192K, reserved 1048576K
}
Event: 206.908 GC heap before
{Heap before GC invocations=72 (full 0):
 garbage-first heap   total 380928K, used 226470K [0x0000000080000000, 0x0000000100000000)
  region size 1024K, 18 young (18432K), 8 survivors (8192K)
 Metaspace       used 117727K, committed 118656K, reserved 1155072K
  class space    used 15738K, committed 16192K, reserved 1048576K
}
Event: 206.930 GC heap after
{Heap after GC invocations=73 (full 0):
 garbage-first heap   total 380928K, used 203948K [0x0000000080000000, 0x0000000100000000)
  region size 1024K, 2 young (2048K), 2 survivors (2048K)
 Metaspace       used 117727K, committed 118656K, reserved 1155072K
  class space    used 15738K, committed 16192K, reserved 1048576K
}
Event: 207.563 GC heap before
{Heap before GC invocations=73 (full 0):
 garbage-first heap   total 380928K, used 306348K [0x0000000080000000, 0x0000000100000000)
  region size 1024K, 102 young (104448K), 2 survivors (2048K)
 Metaspace       used 117743K, committed 118656K, reserved 1155072K
  class space    used 15739K, committed 16192K, reserved 1048576K
}

