# JRE version: OpenJDK Runtime Environment (17.0.6) (build 17.0.6+0-b2043.56-10027231)
# Java VM: OpenJDK 64-Bit Server VM (17.0.6+0-b2043.56-10027231, mixed mode, tiered, compressed oops, compressed class ptrs, g1 gc, windows-amd64)
GC Precious Log:
 CPUs: 8 total, 8 available
 Memory: 7865M
 Large Page Support: Disabled
 NUMA Support: Disabled
 Compressed Oops: Enabled (32-bit)
 Heap Region Size: 1M
 Heap Min Capacity: 8M
 Heap Initial Capacity: 124M
 Heap Max Capacity: 1968M
 Pre-touch: Disabled
 Parallel Workers: 8
 Concurrent Workers: 2
 Concurrent Refinement Workers: 8
 Periodic GC: Disabled
Heap:
 garbage-first heap   total 538624K, used 477134K [0x0000000085000000, 0x0000000100000000)
  region size 1024K, 4 young (4096K), 4 survivors (4096K)
 Metaspace       used 85507K, committed 85824K, reserved 1130496K
  class space    used 9129K, committed 9280K, reserved 1048576K
GC Heap History (20 events):
Event: 54.481 GC heap after
{Heap after GC invocations=88 (full 0):
 garbage-first heap   total 538624K, used 322061K [0x0000000085000000, 0x0000000100000000)
  region size 1024K, 9 young (9216K), 9 survivors (9216K)
 Metaspace       used 75845K, committed 76160K, reserved 1122304K
  class space    used 8247K, committed 8384K, reserved 1048576K
}
Event: 55.385 GC heap before
{Heap before GC invocations=88 (full 0):
 garbage-first heap   total 538624K, used 459277K [0x0000000085000000, 0x0000000100000000)
  region size 1024K, 143 young (146432K), 9 survivors (9216K)
 Metaspace       used 75981K, committed 76288K, reserved 1122304K
  class space    used 8250K, committed 8384K, reserved 1048576K
}
Event: 55.399 GC heap after
{Heap after GC invocations=89 (full 0):
 garbage-first heap   total 538624K, used 324398K [0x0000000085000000, 0x0000000100000000)
  region size 1024K, 11 young (11264K), 11 survivors (11264K)
 Metaspace       used 75981K, committed 76288K, reserved 1122304K
  class space    used 8250K, committed 8384K, reserved 1048576K
}
Event: 56.134 GC heap before
{Heap before GC invocations=89 (full 0):
 garbage-first heap   total 538624K, used 462638K [0x0000000085000000, 0x0000000100000000)
  region size 1024K, 146 young (149504K), 11 survivors (11264K)
 Metaspace       used 76013K, committed 76288K, reserved 1122304K
  class space    used 8250K, committed 8384K, reserved 1048576K
}
Event: 56.149 GC heap after
{Heap after GC invocations=90 (full 0):
 garbage-first heap   total 538624K, used 327038K [0x0000000085000000, 0x0000000100000000)
  region size 1024K, 6 young (6144K), 6 survivors (6144K)
 Metaspace       used 76013K, committed 76288K, reserved 1122304K
  class space    used 8250K, committed 8384K, reserved 1048576K
}
Event: 57.955 GC heap before
{Heap before GC invocations=90 (full 0):
 garbage-first heap   total 538624K, used 465278K [0x0000000085000000, 0x0000000100000000)
  region size 1024K, 141 young (144384K), 6 survivors (6144K)
 Metaspace       used 77674K, committed 78016K, reserved 1122304K
  class space    used 8420K, committed 8576K, reserved 1048576K
}
Event: 57.965 GC heap after
{Heap after GC invocations=91 (full 0):
 garbage-first heap   total 538624K, used 331743K [0x0000000085000000, 0x0000000100000000)
  region size 1024K, 11 young (11264K), 11 survivors (11264K)
 Metaspace       used 77674K, committed 78016K, reserved 1122304K
  class space    used 8420K, committed 8576K, reserved 1048576K
}
Event: 60.560 GC heap before
{Heap before GC invocations=91 (full 0):
 garbage-first heap   total 538624K, used 465887K [0x0000000085000000, 0x0000000100000000)
  region size 1024K, 142 young (145408K), 11 survivors (11264K)
 Metaspace       used 83515K, committed 83904K, reserved 1130496K
  class space    used 8927K, committed 9088K, reserved 1048576K
}
Event: 60.590 GC heap after
{Heap after GC invocations=92 (full 0):
 garbage-first heap   total 538624K, used 350798K [0x0000000085000000, 0x0000000100000000)
  region size 1024K, 18 young (18432K), 18 survivors (18432K)
 Metaspace       used 83515K, committed 83904K, reserved 1130496K
  class space    used 8927K, committed 9088K, reserved 1048576K
}
Event: 62.034 GC heap before
{Heap before GC invocations=92 (full 0):
 garbage-first heap   total 538624K, used 457294K [0x0000000085000000, 0x0000000100000000)
  region size 1024K, 122 young (124928K), 18 survivors (18432K)
 Metaspace       used 83704K, committed 84032K, reserved 1130496K
  class space    used 8933K, committed 9088K, reserved 1048576K
}
Event: 62.076 GC heap after
{Heap after GC invocations=93 (full 0):
 garbage-first heap   total 538624K, used 368429K [0x0000000085000000, 0x0000000100000000)
  region size 1024K, 16 young (16384K), 16 survivors (16384K)
 Metaspace       used 83704K, committed 84032K, reserved 1130496K
  class space    used 8933K, committed 9088K, reserved 1048576K
}
Event: 62.965 GC heap before
{Heap before GC invocations=93 (full 0):
 garbage-first heap   total 538624K, used 456493K [0x0000000085000000, 0x0000000100000000)
  region size 1024K, 102 young (104448K), 16 survivors (16384K)
 Metaspace       used 85167K, committed 85568K, reserved 1130496K
  class space    used 9080K, committed 9280K, reserved 1048576K
}
Event: 63.021 GC heap after
{Heap after GC invocations=94 (full 0):
 garbage-first heap   total 538624K, used 411389K [0x0000000085000000, 0x0000000100000000)
  region size 1024K, 13 young (13312K), 13 survivors (13312K)
 Metaspace       used 85167K, committed 85568K, reserved 1130496K
  class space    used 9080K, committed 9280K, reserved 1048576K
}
Event: 63.194 GC heap before
{Heap before GC invocations=94 (full 0):
 garbage-first heap   total 538624K, used 451325K [0x0000000085000000, 0x0000000100000000)
  region size 1024K, 52 young (53248K), 13 survivors (13312K)
 Metaspace       used 85176K, committed 85568K, reserved 1130496K
  class space    used 9080K, committed 9280K, reserved 1048576K
}
Event: 63.266 GC heap after
{Heap after GC invocations=95 (full 0):
 garbage-first heap   total 538624K, used 436174K [0x0000000085000000, 0x0000000100000000)
  region size 1024K, 7 young (7168K), 7 survivors (7168K)
 Metaspace       used 85176K, committed 85568K, reserved 1130496K
  class space    used 9080K, committed 9280K, reserved 1048576K
}
Event: 63.339 GC heap before
{Heap before GC invocations=95 (full 0):
 garbage-first heap   total 538624K, used 458702K [0x0000000085000000, 0x0000000100000000)
  region size 1024K, 29 young (29696K), 7 survivors (7168K)
 Metaspace       used 85188K, committed 85568K, reserved 1130496K
  class space    used 9080K, committed 9280K, reserved 1048576K
}
Event: 63.353 GC heap after
{Heap after GC invocations=96 (full 0):
 garbage-first heap   total 538624K, used 451022K [0x0000000085000000, 0x0000000100000000)
  region size 1024K, 4 young (4096K), 4 survivors (4096K)
 Metaspace       used 85188K, committed 85568K, reserved 1130496K
  class space    used 9080K, committed 9280K, reserved 1048576K
}
Event: 63.405 GC heap before
{Heap before GC invocations=96 (full 0):
 garbage-first heap   total 538624K, used 473550K [0x0000000085000000, 0x0000000100000000)
  region size 1024K, 26 young (26624K), 4 survivors (4096K)
 Metaspace       used 85189K, committed 85568K, reserved 1130496K
  class space    used 9080K, committed 9280K, reserved 1048576K
}
Event: 63.419 GC heap after
{Heap after GC invocations=97 (full 0):
 garbage-first heap   total 538624K, used 466365K [0x0000000085000000, 0x0000000100000000)
  region size 1024K, 4 young (4096K), 4 survivors (4096K)
 Metaspace       used 85189K, committed 85568K, reserved 1130496K
  class space    used 9080K, committed 9280K, reserved 1048576K
}
Event: 63.571 GC heap before
{Heap before GC invocations=97 (full 0):
 garbage-first heap   total 538624K, used 488893K [0x0000000085000000, 0x0000000100000000)
  region size 1024K, 26 young (26624K), 4 survivors (4096K)
 Metaspace       used 85507K, committed 85824K, reserved 1130496K
  class space    used 9129K, committed 9280K, reserved 1048576K
}

