# JRE version: OpenJDK Runtime Environment (17.0.6) (build 17.0.6+0-b2043.56-10027231)
# Java VM: OpenJDK 64-Bit Server VM (17.0.6+0-b2043.56-10027231, mixed mode, tiered, compressed oops, compressed class ptrs, g1 gc, windows-amd64)
GC Precious Log:
 CPUs: 8 total, 8 available
 Memory: 7865M
 Large Page Support: Disabled
 NUMA Support: Disabled
 Compressed Oops: Enabled (32-bit)
 Heap Region Size: 1M
 Heap Min Capacity: 8M
 Heap Initial Capacity: 124M
 Heap Max Capacity: 1968M
 Pre-touch: Disabled
 Parallel Workers: 8
 Concurrent Workers: 2
 Concurrent Refinement Workers: 8
 Periodic GC: Disabled
Heap:
 garbage-first heap   total 140288K, used 78519K [0x0000000085000000, 0x0000000100000000)
  region size 1024K, 5 young (5120K), 5 survivors (5120K)
 Metaspace       used 58160K, committed 58432K, reserved 1105920K
  class space    used 6837K, committed 6976K, reserved 1048576K
GC Heap History (20 events):
Event: 4.521 GC heap after
{Heap after GC invocations=17 (full 0):
 garbage-first heap   total 74752K, used 37394K [0x0000000085000000, 0x0000000100000000)
  region size 1024K, 3 young (3072K), 3 survivors (3072K)
 Metaspace       used 45808K, committed 46016K, reserved 1089536K
  class space    used 5495K, committed 5568K, reserved 1048576K
}
Event: 4.943 GC heap before
{Heap before GC invocations=17 (full 0):
 garbage-first heap   total 74752K, used 55826K [0x0000000085000000, 0x0000000100000000)
  region size 1024K, 21 young (21504K), 3 survivors (3072K)
 Metaspace       used 48220K, committed 48512K, reserved 1097728K
  class space    used 5709K, committed 5824K, reserved 1048576K
}
Event: 4.955 GC heap after
{Heap after GC invocations=18 (full 0):
 garbage-first heap   total 74752K, used 41913K [0x0000000085000000, 0x0000000100000000)
  region size 1024K, 3 young (3072K), 3 survivors (3072K)
 Metaspace       used 48220K, committed 48512K, reserved 1097728K
  class space    used 5709K, committed 5824K, reserved 1048576K
}
Event: 5.155 GC heap before
{Heap before GC invocations=19 (full 0):
 garbage-first heap   total 74752K, used 57273K [0x0000000085000000, 0x0000000100000000)
  region size 1024K, 18 young (18432K), 3 survivors (3072K)
 Metaspace       used 48254K, committed 48512K, reserved 1097728K
  class space    used 5709K, committed 5824K, reserved 1048576K
}
Event: 5.173 GC heap after
{Heap after GC invocations=20 (full 0):
 garbage-first heap   total 74752K, used 47701K [0x0000000085000000, 0x0000000100000000)
  region size 1024K, 3 young (3072K), 3 survivors (3072K)
 Metaspace       used 48254K, committed 48512K, reserved 1097728K
  class space    used 5709K, committed 5824K, reserved 1048576K
}
Event: 5.277 GC heap before
{Heap before GC invocations=20 (full 0):
 garbage-first heap   total 74752K, used 57941K [0x0000000085000000, 0x0000000100000000)
  region size 1024K, 13 young (13312K), 3 survivors (3072K)
 Metaspace       used 48281K, committed 48576K, reserved 1097728K
  class space    used 5709K, committed 5824K, reserved 1048576K
}
Event: 5.288 GC heap after
{Heap after GC invocations=21 (full 0):
 garbage-first heap   total 106496K, used 51649K [0x0000000085000000, 0x0000000100000000)
  region size 1024K, 2 young (2048K), 2 survivors (2048K)
 Metaspace       used 48281K, committed 48576K, reserved 1097728K
  class space    used 5709K, committed 5824K, reserved 1048576K
}
Event: 5.594 GC heap before
{Heap before GC invocations=22 (full 0):
 garbage-first heap   total 106496K, used 73153K [0x0000000085000000, 0x0000000100000000)
  region size 1024K, 25 young (25600K), 2 survivors (2048K)
 Metaspace       used 49423K, committed 49664K, reserved 1097728K
  class space    used 5871K, committed 5952K, reserved 1048576K
}
Event: 5.606 GC heap after
{Heap after GC invocations=23 (full 0):
 garbage-first heap   total 106496K, used 58799K [0x0000000085000000, 0x0000000100000000)
  region size 1024K, 4 young (4096K), 4 survivors (4096K)
 Metaspace       used 49423K, committed 49664K, reserved 1097728K
  class space    used 5871K, committed 5952K, reserved 1048576K
}
Event: 5.935 GC heap before
{Heap before GC invocations=24 (full 0):
 garbage-first heap   total 106496K, used 80303K [0x0000000085000000, 0x0000000100000000)
  region size 1024K, 23 young (23552K), 4 survivors (4096K)
 Metaspace       used 51013K, committed 51264K, reserved 1097728K
  class space    used 6039K, committed 6144K, reserved 1048576K
}
Event: 5.944 GC heap after
{Heap after GC invocations=25 (full 0):
 garbage-first heap   total 106496K, used 64930K [0x0000000085000000, 0x0000000100000000)
  region size 1024K, 3 young (3072K), 3 survivors (3072K)
 Metaspace       used 51013K, committed 51264K, reserved 1097728K
  class space    used 6039K, committed 6144K, reserved 1048576K
}
Event: 6.037 GC heap before
{Heap before GC invocations=25 (full 0):
 garbage-first heap   total 106496K, used 71074K [0x0000000085000000, 0x0000000100000000)
  region size 1024K, 10 young (10240K), 3 survivors (3072K)
 Metaspace       used 51122K, committed 51328K, reserved 1097728K
  class space    used 6044K, committed 6144K, reserved 1048576K
}
Event: 6.043 GC heap after
{Heap after GC invocations=26 (full 0):
 garbage-first heap   total 106496K, used 66646K [0x0000000085000000, 0x0000000100000000)
  region size 1024K, 2 young (2048K), 2 survivors (2048K)
 Metaspace       used 51122K, committed 51328K, reserved 1097728K
  class space    used 6044K, committed 6144K, reserved 1048576K
}
Event: 6.126 GC heap before
{Heap before GC invocations=26 (full 0):
 garbage-first heap   total 140288K, used 84054K [0x0000000085000000, 0x0000000100000000)
  region size 1024K, 18 young (18432K), 2 survivors (2048K)
 Metaspace       used 51164K, committed 51392K, reserved 1097728K
  class space    used 6044K, committed 6144K, reserved 1048576K
}
Event: 6.130 GC heap after
{Heap after GC invocations=27 (full 0):
 garbage-first heap   total 140288K, used 67048K [0x0000000085000000, 0x0000000100000000)
  region size 1024K, 2 young (2048K), 2 survivors (2048K)
 Metaspace       used 51164K, committed 51392K, reserved 1097728K
  class space    used 6044K, committed 6144K, reserved 1048576K
}
Event: 6.796 GC heap before
{Heap before GC invocations=28 (full 0):
 garbage-first heap   total 140288K, used 103912K [0x0000000085000000, 0x0000000100000000)
  region size 1024K, 38 young (38912K), 2 survivors (2048K)
 Metaspace       used 54525K, committed 54784K, reserved 1097728K
  class space    used 6460K, committed 6592K, reserved 1048576K
}
Event: 6.806 GC heap after
{Heap after GC invocations=29 (full 0):
 garbage-first heap   total 140288K, used 71390K [0x0000000085000000, 0x0000000100000000)
  region size 1024K, 5 young (5120K), 5 survivors (5120K)
 Metaspace       used 54525K, committed 54784K, reserved 1097728K
  class space    used 6460K, committed 6592K, reserved 1048576K
}
Event: 6.810 GC heap before
{Heap before GC invocations=29 (full 0):
 garbage-first heap   total 140288K, used 72414K [0x0000000085000000, 0x0000000100000000)
  region size 1024K, 6 young (6144K), 5 survivors (5120K)
 Metaspace       used 54525K, committed 54784K, reserved 1097728K
  class space    used 6460K, committed 6592K, reserved 1048576K
}
Event: 6.816 GC heap after
{Heap after GC invocations=30 (full 0):
 garbage-first heap   total 140288K, used 71548K [0x0000000085000000, 0x0000000100000000)
  region size 1024K, 1 young (1024K), 1 survivors (1024K)
 Metaspace       used 54525K, committed 54784K, reserved 1097728K
  class space    used 6460K, committed 6592K, reserved 1048576K
}
Event: 7.592 GC heap before
{Heap before GC invocations=30 (full 0):
 garbage-first heap   total 140288K, used 108412K [0x0000000085000000, 0x0000000100000000)
  region size 1024K, 37 young (37888K), 1 survivors (1024K)
 Metaspace       used 58160K, committed 58432K, reserved 1105920K
  class space    used 6837K, committed 6976K, reserved 1048576K
}

