# JRE version: OpenJDK Runtime Environment (17.0.6) (build 17.0.6+0-b2043.56-10027231)
# Java VM: OpenJDK 64-Bit Server VM (17.0.6+0-b2043.56-10027231, mixed mode, tiered, compressed oops, compressed class ptrs, g1 gc, windows-amd64)
GC Precious Log:
 CPUs: 8 total, 8 available
 Memory: 7865M
 Large Page Support: Disabled
 NUMA Support: Disabled
 Compressed Oops: Enabled (32-bit)
 Heap Region Size: 1M
 Heap Min Capacity: 8M
 Heap Initial Capacity: 124M
 Heap Max Capacity: 2G
 Pre-touch: Disabled
 Parallel Workers: 8
 Concurrent Workers: 2
 Concurrent Refinement Workers: 8
 Periodic GC: Disabled
Heap:
 garbage-first heap   total 453632K, used 254628K [0x0000000080000000, 0x0000000100000000)
  region size 1024K, 33 young (33792K), 9 survivors (9216K)
 Metaspace       used 167550K, committed 168448K, reserved 1196032K
  class space    used 21331K, committed 21760K, reserved 1048576K
GC Heap History (20 events):
Event: 190.348 GC heap before
{Heap before GC invocations=47 (full 0):
 garbage-first heap   total 453632K, used 368479K [0x0000000080000000, 0x0000000100000000)
  region size 1024K, 200 young (204800K), 7 survivors (7168K)
 Metaspace       used 108222K, committed 108992K, reserved 1146880K
  class space    used 14260K, committed 14656K, reserved 1048576K
}
Event: 190.369 GC heap after
{Heap after GC invocations=48 (full 0):
 garbage-first heap   total 453632K, used 184436K [0x0000000080000000, 0x0000000100000000)
  region size 1024K, 23 young (23552K), 23 survivors (23552K)
 Metaspace       used 108222K, committed 108992K, reserved 1146880K
  class space    used 14260K, committed 14656K, reserved 1048576K
}
Event: 190.384 GC heap before
{Heap before GC invocations=48 (full 0):
 garbage-first heap   total 453632K, used 185460K [0x0000000080000000, 0x0000000100000000)
  region size 1024K, 24 young (24576K), 23 survivors (23552K)
 Metaspace       used 108222K, committed 108992K, reserved 1146880K
  class space    used 14260K, committed 14656K, reserved 1048576K
}
Event: 190.416 GC heap after
{Heap after GC invocations=49 (full 0):
 garbage-first heap   total 453632K, used 184757K [0x0000000080000000, 0x0000000100000000)
  region size 1024K, 3 young (3072K), 3 survivors (3072K)
 Metaspace       used 108222K, committed 108992K, reserved 1146880K
  class space    used 14260K, committed 14656K, reserved 1048576K
}
Event: 315.141 GC heap before
{Heap before GC invocations=49 (full 0):
 garbage-first heap   total 453632K, used 363957K [0x0000000080000000, 0x0000000100000000)
  region size 1024K, 179 young (183296K), 3 survivors (3072K)
 Metaspace       used 109041K, committed 109888K, reserved 1146880K
  class space    used 14352K, committed 14784K, reserved 1048576K
}
Event: 315.152 GC heap after
{Heap after GC invocations=50 (full 0):
 garbage-first heap   total 453632K, used 191111K [0x0000000080000000, 0x0000000100000000)
  region size 1024K, 10 young (10240K), 10 survivors (10240K)
 Metaspace       used 109041K, committed 109888K, reserved 1146880K
  class space    used 14352K, committed 14784K, reserved 1048576K
}
Event: 315.873 GC heap before
{Heap before GC invocations=50 (full 0):
 garbage-first heap   total 453632K, used 237191K [0x0000000080000000, 0x0000000100000000)
  region size 1024K, 57 young (58368K), 10 survivors (10240K)
 Metaspace       used 116502K, committed 117376K, reserved 1155072K
  class space    used 15760K, committed 16192K, reserved 1048576K
}
Event: 315.886 GC heap after
{Heap after GC invocations=51 (full 0):
 garbage-first heap   total 453632K, used 193438K [0x0000000080000000, 0x0000000100000000)
  region size 1024K, 12 young (12288K), 12 survivors (12288K)
 Metaspace       used 116502K, committed 117376K, reserved 1155072K
  class space    used 15760K, committed 16192K, reserved 1048576K
}
Event: 317.345 GC heap before
{Heap before GC invocations=52 (full 0):
 garbage-first heap   total 453632K, used 385950K [0x0000000080000000, 0x0000000100000000)
  region size 1024K, 185 young (189440K), 12 survivors (12288K)
 Metaspace       used 127448K, committed 128320K, reserved 1163264K
  class space    used 17065K, committed 17472K, reserved 1048576K
}
Event: 317.381 GC heap after
{Heap after GC invocations=53 (full 0):
 garbage-first heap   total 453632K, used 234675K [0x0000000080000000, 0x0000000100000000)
  region size 1024K, 24 young (24576K), 24 survivors (24576K)
 Metaspace       used 127448K, committed 128320K, reserved 1163264K
  class space    used 17065K, committed 17472K, reserved 1048576K
}
Event: 317.396 GC heap before
{Heap before GC invocations=53 (full 0):
 garbage-first heap   total 453632K, used 235699K [0x0000000080000000, 0x0000000100000000)
  region size 1024K, 25 young (25600K), 24 survivors (24576K)
 Metaspace       used 127583K, committed 128448K, reserved 1163264K
  class space    used 17080K, committed 17472K, reserved 1048576K
}
Event: 317.419 GC heap after
{Heap after GC invocations=54 (full 0):
 garbage-first heap   total 453632K, used 229622K [0x0000000080000000, 0x0000000100000000)
  region size 1024K, 3 young (3072K), 3 survivors (3072K)
 Metaspace       used 127583K, committed 128448K, reserved 1163264K
  class space    used 17080K, committed 17472K, reserved 1048576K
}
Event: 318.514 GC heap before
{Heap before GC invocations=54 (full 0):
 garbage-first heap   total 453632K, used 324854K [0x0000000080000000, 0x0000000100000000)
  region size 1024K, 97 young (99328K), 3 survivors (3072K)
 Metaspace       used 140568K, committed 141440K, reserved 1179648K
  class space    used 18536K, committed 18944K, reserved 1048576K
}
Event: 318.524 GC heap after
{Heap after GC invocations=55 (full 0):
 garbage-first heap   total 453632K, used 233480K [0x0000000080000000, 0x0000000100000000)
  region size 1024K, 7 young (7168K), 7 survivors (7168K)
 Metaspace       used 140568K, committed 141440K, reserved 1179648K
  class space    used 18536K, committed 18944K, reserved 1048576K
}
Event: 320.157 GC heap before
{Heap before GC invocations=56 (full 0):
 garbage-first heap   total 453632K, used 366600K [0x0000000080000000, 0x0000000100000000)
  region size 1024K, 136 young (139264K), 7 survivors (7168K)
 Metaspace       used 146225K, committed 147136K, reserved 1179648K
  class space    used 19191K, committed 19584K, reserved 1048576K
}
Event: 320.170 GC heap after
{Heap after GC invocations=57 (full 0):
 garbage-first heap   total 453632K, used 242401K [0x0000000080000000, 0x0000000100000000)
  region size 1024K, 16 young (16384K), 16 survivors (16384K)
 Metaspace       used 146225K, committed 147136K, reserved 1179648K
  class space    used 19191K, committed 19584K, reserved 1048576K
}
Event: 320.365 GC heap before
{Heap before GC invocations=57 (full 0):
 garbage-first heap   total 453632K, used 248545K [0x0000000080000000, 0x0000000100000000)
  region size 1024K, 22 young (22528K), 16 survivors (16384K)
 Metaspace       used 146601K, committed 147456K, reserved 1179648K
  class space    used 19201K, committed 19584K, reserved 1048576K
}
Event: 320.391 GC heap after
{Heap after GC invocations=58 (full 0):
 garbage-first heap   total 453632K, used 224972K [0x0000000080000000, 0x0000000100000000)
  region size 1024K, 3 young (3072K), 3 survivors (3072K)
 Metaspace       used 146601K, committed 147456K, reserved 1179648K
  class space    used 19201K, committed 19584K, reserved 1048576K
}
Event: 322.517 GC heap before
{Heap before GC invocations=58 (full 0):
 garbage-first heap   total 453632K, used 365260K [0x0000000080000000, 0x0000000100000000)
  region size 1024K, 140 young (143360K), 3 survivors (3072K)
 Metaspace       used 165394K, committed 166272K, reserved 1196032K
  class space    used 21144K, committed 21568K, reserved 1048576K
}
Event: 322.526 GC heap after
{Heap after GC invocations=59 (full 0):
 garbage-first heap   total 453632K, used 231076K [0x0000000080000000, 0x0000000100000000)
  region size 1024K, 9 young (9216K), 9 survivors (9216K)
 Metaspace       used 165394K, committed 166272K, reserved 1196032K
  class space    used 21144K, committed 21568K, reserved 1048576K
}

