# JRE version: OpenJDK Runtime Environment (17.0.6) (build 17.0.6+0-b2043.56-10027231)
# Java VM: OpenJDK 64-Bit Server VM (17.0.6+0-b2043.56-10027231, mixed mode, tiered, compressed oops, compressed class ptrs, g1 gc, windows-amd64)
GC Precious Log:
 CPUs: 8 total, 8 available
 Memory: 7865M
 Large Page Support: Disabled
 NUMA Support: Disabled
 Compressed Oops: Enabled (32-bit)
 Heap Region Size: 1M
 Heap Min Capacity: 8M
 Heap Initial Capacity: 124M
 Heap Max Capacity: 1968M
 Pre-touch: Disabled
 Parallel Workers: 8
 Concurrent Workers: 2
 Concurrent Refinement Workers: 8
 Periodic GC: Disabled
Heap:
 garbage-first heap   total 324608K, used 199865K [0x0000000085000000, 0x0000000100000000)
  region size 1024K, 43 young (44032K), 9 survivors (9216K)
 Metaspace       used 72915K, committed 73216K, reserved 1114112K
  class space    used 8086K, committed 8256K, reserved 1048576K
GC Heap History (20 events):
Event: 6.482 GC heap before
{Heap before GC invocations=25 (full 0):
 garbage-first heap   total 147456K, used 111935K [0x0000000085000000, 0x0000000100000000)
  region size 1024K, 44 young (45056K), 6 survivors (6144K)
 Metaspace       used 57897K, committed 58176K, reserved 1105920K
  class space    used 6728K, committed 6848K, reserved 1048576K
}
Event: 6.503 GC heap after
{Heap after GC invocations=26 (full 0):
 garbage-first heap   total 147456K, used 80594K [0x0000000085000000, 0x0000000100000000)
  region size 1024K, 6 young (6144K), 6 survivors (6144K)
 Metaspace       used 57897K, committed 58176K, reserved 1105920K
  class space    used 6728K, committed 6848K, reserved 1048576K
}
Event: 7.256 GC heap before
{Heap before GC invocations=27 (full 0):
 garbage-first heap   total 147456K, used 113362K [0x0000000085000000, 0x0000000100000000)
  region size 1024K, 38 young (38912K), 6 survivors (6144K)
 Metaspace       used 58639K, committed 58944K, reserved 1105920K
  class space    used 6754K, committed 6912K, reserved 1048576K
}
Event: 7.274 GC heap after
{Heap after GC invocations=28 (full 0):
 garbage-first heap   total 147456K, used 86746K [0x0000000085000000, 0x0000000100000000)
  region size 1024K, 5 young (5120K), 5 survivors (5120K)
 Metaspace       used 58639K, committed 58944K, reserved 1105920K
  class space    used 6754K, committed 6912K, reserved 1048576K
}
Event: 7.313 GC heap before
{Heap before GC invocations=28 (full 0):
 garbage-first heap   total 147456K, used 88794K [0x0000000085000000, 0x0000000100000000)
  region size 1024K, 7 young (7168K), 5 survivors (5120K)
 Metaspace       used 58689K, committed 59008K, reserved 1105920K
  class space    used 6754K, committed 6912K, reserved 1048576K
}
Event: 7.321 GC heap after
{Heap after GC invocations=29 (full 0):
 garbage-first heap   total 147456K, used 86353K [0x0000000085000000, 0x0000000100000000)
  region size 1024K, 1 young (1024K), 1 survivors (1024K)
 Metaspace       used 58689K, committed 59008K, reserved 1105920K
  class space    used 6754K, committed 6912K, reserved 1048576K
}
Event: 7.859 GC heap before
{Heap before GC invocations=29 (full 0):
 garbage-first heap   total 147456K, used 115025K [0x0000000085000000, 0x0000000100000000)
  region size 1024K, 29 young (29696K), 1 survivors (1024K)
 Metaspace       used 59213K, committed 59520K, reserved 1105920K
  class space    used 6761K, committed 6912K, reserved 1048576K
}
Event: 7.870 GC heap after
{Heap after GC invocations=30 (full 0):
 garbage-first heap   total 375808K, used 92427K [0x0000000085000000, 0x0000000100000000)
  region size 1024K, 4 young (4096K), 4 survivors (4096K)
 Metaspace       used 59213K, committed 59520K, reserved 1105920K
  class space    used 6761K, committed 6912K, reserved 1048576K
}
Event: 11.077 GC heap before
{Heap before GC invocations=31 (full 0):
 garbage-first heap   total 324608K, used 238859K [0x0000000085000000, 0x0000000100000000)
  region size 1024K, 147 young (150528K), 4 survivors (4096K)
 Metaspace       used 66250K, committed 66560K, reserved 1114112K
  class space    used 7413K, committed 7552K, reserved 1048576K
}
Event: 11.106 GC heap after
{Heap after GC invocations=32 (full 0):
 garbage-first heap   total 324608K, used 115230K [0x0000000085000000, 0x0000000100000000)
  region size 1024K, 19 young (19456K), 19 survivors (19456K)
 Metaspace       used 66250K, committed 66560K, reserved 1114112K
  class space    used 7413K, committed 7552K, reserved 1048576K
}
Event: 11.142 GC heap before
{Heap before GC invocations=32 (full 0):
 garbage-first heap   total 324608K, used 116254K [0x0000000085000000, 0x0000000100000000)
  region size 1024K, 20 young (20480K), 19 survivors (19456K)
 Metaspace       used 66281K, committed 66560K, reserved 1114112K
  class space    used 7413K, committed 7552K, reserved 1048576K
}
Event: 11.156 GC heap after
{Heap after GC invocations=33 (full 0):
 garbage-first heap   total 324608K, used 117424K [0x0000000085000000, 0x0000000100000000)
  region size 1024K, 3 young (3072K), 3 survivors (3072K)
 Metaspace       used 66281K, committed 66560K, reserved 1114112K
  class space    used 7413K, committed 7552K, reserved 1048576K
}
Event: 14.149 GC heap before
{Heap before GC invocations=33 (full 0):
 garbage-first heap   total 324608K, used 223920K [0x0000000085000000, 0x0000000100000000)
  region size 1024K, 107 young (109568K), 3 survivors (3072K)
 Metaspace       used 68773K, committed 69056K, reserved 1114112K
  class space    used 7612K, committed 7744K, reserved 1048576K
}
Event: 14.161 GC heap after
{Heap after GC invocations=34 (full 0):
 garbage-first heap   total 324608K, used 125955K [0x0000000085000000, 0x0000000100000000)
  region size 1024K, 11 young (11264K), 11 survivors (11264K)
 Metaspace       used 68773K, committed 69056K, reserved 1114112K
  class space    used 7612K, committed 7744K, reserved 1048576K
}
Event: 16.986 GC heap before
{Heap before GC invocations=34 (full 0):
 garbage-first heap   total 324608K, used 245763K [0x0000000085000000, 0x0000000100000000)
  region size 1024K, 118 young (120832K), 11 survivors (11264K)
 Metaspace       used 71815K, committed 72128K, reserved 1114112K
  class space    used 8029K, committed 8192K, reserved 1048576K
}
Event: 17.008 GC heap after
{Heap after GC invocations=35 (full 0):
 garbage-first heap   total 324608K, used 148159K [0x0000000085000000, 0x0000000100000000)
  region size 1024K, 13 young (13312K), 13 survivors (13312K)
 Metaspace       used 71815K, committed 72128K, reserved 1114112K
  class space    used 8029K, committed 8192K, reserved 1048576K
}
Event: 19.631 GC heap before
{Heap before GC invocations=35 (full 0):
 garbage-first heap   total 324608K, used 249535K [0x0000000085000000, 0x0000000100000000)
  region size 1024K, 112 young (114688K), 13 survivors (13312K)
 Metaspace       used 72515K, committed 72832K, reserved 1114112K
  class space    used 8079K, committed 8256K, reserved 1048576K
}
Event: 19.649 GC heap after
{Heap after GC invocations=36 (full 0):
 garbage-first heap   total 324608K, used 157521K [0x0000000085000000, 0x0000000100000000)
  region size 1024K, 10 young (10240K), 10 survivors (10240K)
 Metaspace       used 72515K, committed 72832K, reserved 1114112K
  class space    used 8079K, committed 8256K, reserved 1048576K
}
Event: 24.369 GC heap before
{Heap before GC invocations=36 (full 0):
 garbage-first heap   total 324608K, used 256849K [0x0000000085000000, 0x0000000100000000)
  region size 1024K, 107 young (109568K), 10 survivors (10240K)
 Metaspace       used 72846K, committed 73152K, reserved 1114112K
  class space    used 8084K, committed 8256K, reserved 1048576K
}
Event: 24.421 GC heap after
{Heap after GC invocations=37 (full 0):
 garbage-first heap   total 324608K, used 166073K [0x0000000085000000, 0x0000000100000000)
  region size 1024K, 9 young (9216K), 9 survivors (9216K)
 Metaspace       used 72846K, committed 73152K, reserved 1114112K
  class space    used 8084K, committed 8256K, reserved 1048576K
}

