# JRE version: OpenJDK Runtime Environment (17.0.6) (build 17.0.6+0-b2043.56-10027231)
# Java VM: OpenJDK 64-Bit Server VM (17.0.6+0-b2043.56-10027231, mixed mode, tiered, compressed oops, compressed class ptrs, g1 gc, windows-amd64)
GC Precious Log:
 CPUs: 8 total, 8 available
 Memory: 7865M
 Large Page Support: Disabled
 NUMA Support: Disabled
 Compressed Oops: Enabled (32-bit)
 Heap Region Size: 1M
 Heap Min Capacity: 8M
 Heap Initial Capacity: 124M
 Heap Max Capacity: 1968M
 Pre-touch: Disabled
 Parallel Workers: 8
 Concurrent Workers: 2
 Concurrent Refinement Workers: 8
 Periodic GC: Disabled
Heap:
 garbage-first heap   total 455680K, used 430621K [0x0000000085000000, 0x0000000100000000)
  region size 1024K, 3 young (3072K), 3 survivors (3072K)
 Metaspace       used 85074K, committed 85440K, reserved 1130496K
  class space    used 9068K, committed 9216K, reserved 1048576K
GC Heap History (20 events):
Event: 44.634 GC heap after
{Heap after GC invocations=90 (full 0):
 garbage-first heap   total 455680K, used 319746K [0x0000000085000000, 0x0000000100000000)
  region size 1024K, 3 young (3072K), 3 survivors (3072K)
 Metaspace       used 76447K, committed 76864K, reserved 1122304K
  class space    used 8277K, committed 8448K, reserved 1048576K
}
Event: 45.914 GC heap before
{Heap before GC invocations=90 (full 0):
 garbage-first heap   total 455680K, used 401666K [0x0000000085000000, 0x0000000100000000)
  region size 1024K, 83 young (84992K), 3 survivors (3072K)
 Metaspace       used 80795K, committed 81152K, reserved 1122304K
  class space    used 8707K, committed 8896K, reserved 1048576K
}
Event: 45.922 GC heap after
{Heap after GC invocations=91 (full 0):
 garbage-first heap   total 455680K, used 323347K [0x0000000085000000, 0x0000000100000000)
  region size 1024K, 6 young (6144K), 6 survivors (6144K)
 Metaspace       used 80795K, committed 81152K, reserved 1122304K
  class space    used 8707K, committed 8896K, reserved 1048576K
}
Event: 47.487 GC heap before
{Heap before GC invocations=91 (full 0):
 garbage-first heap   total 455680K, used 400147K [0x0000000085000000, 0x0000000100000000)
  region size 1024K, 81 young (82944K), 6 survivors (6144K)
 Metaspace       used 83308K, committed 83712K, reserved 1130496K
  class space    used 8915K, committed 9088K, reserved 1048576K
}
Event: 47.507 GC heap after
{Heap after GC invocations=92 (full 0):
 garbage-first heap   total 455680K, used 335579K [0x0000000085000000, 0x0000000100000000)
  region size 1024K, 11 young (11264K), 11 survivors (11264K)
 Metaspace       used 83308K, committed 83712K, reserved 1130496K
  class space    used 8915K, committed 9088K, reserved 1048576K
}
Event: 48.206 GC heap before
{Heap before GC invocations=92 (full 0):
 garbage-first heap   total 455680K, used 393947K [0x0000000085000000, 0x0000000100000000)
  region size 1024K, 68 young (69632K), 11 survivors (11264K)
 Metaspace       used 83481K, committed 83840K, reserved 1130496K
  class space    used 8919K, committed 9088K, reserved 1048576K
}
Event: 48.229 GC heap after
{Heap after GC invocations=93 (full 0):
 garbage-first heap   total 455680K, used 346576K [0x0000000085000000, 0x0000000100000000)
  region size 1024K, 9 young (9216K), 9 survivors (9216K)
 Metaspace       used 83481K, committed 83840K, reserved 1130496K
  class space    used 8919K, committed 9088K, reserved 1048576K
}
Event: 48.739 GC heap before
{Heap before GC invocations=93 (full 0):
 garbage-first heap   total 455680K, used 393680K [0x0000000085000000, 0x0000000100000000)
  region size 1024K, 55 young (56320K), 9 survivors (9216K)
 Metaspace       used 83571K, committed 83968K, reserved 1130496K
  class space    used 8922K, committed 9088K, reserved 1048576K
}
Event: 48.753 GC heap after
{Heap after GC invocations=94 (full 0):
 garbage-first heap   total 455680K, used 355288K [0x0000000085000000, 0x0000000100000000)
  region size 1024K, 7 young (7168K), 7 survivors (7168K)
 Metaspace       used 83571K, committed 83968K, reserved 1130496K
  class space    used 8922K, committed 9088K, reserved 1048576K
}
Event: 49.379 GC heap before
{Heap before GC invocations=94 (full 0):
 garbage-first heap   total 455680K, used 395224K [0x0000000085000000, 0x0000000100000000)
  region size 1024K, 46 young (47104K), 7 survivors (7168K)
 Metaspace       used 84863K, committed 85248K, reserved 1130496K
  class space    used 9059K, committed 9216K, reserved 1048576K
}
Event: 49.397 GC heap after
{Heap after GC invocations=95 (full 0):
 garbage-first heap   total 455680K, used 363480K [0x0000000085000000, 0x0000000100000000)
  region size 1024K, 6 young (6144K), 6 survivors (6144K)
 Metaspace       used 84863K, committed 85248K, reserved 1130496K
  class space    used 9059K, committed 9216K, reserved 1048576K
}
Event: 49.601 GC heap before
{Heap before GC invocations=95 (full 0):
 garbage-first heap   total 455680K, used 396248K [0x0000000085000000, 0x0000000100000000)
  region size 1024K, 38 young (38912K), 6 survivors (6144K)
 Metaspace       used 85032K, committed 85376K, reserved 1130496K
  class space    used 9068K, committed 9216K, reserved 1048576K
}
Event: 49.620 GC heap after
{Heap after GC invocations=96 (full 0):
 garbage-first heap   total 455680K, used 382575K [0x0000000085000000, 0x0000000100000000)
  region size 1024K, 5 young (5120K), 5 survivors (5120K)
 Metaspace       used 85032K, committed 85376K, reserved 1130496K
  class space    used 9068K, committed 9216K, reserved 1048576K
}
Event: 49.666 GC heap before
{Heap before GC invocations=96 (full 0):
 garbage-first heap   total 455680K, used 399983K [0x0000000085000000, 0x0000000100000000)
  region size 1024K, 22 young (22528K), 5 survivors (5120K)
 Metaspace       used 85039K, committed 85376K, reserved 1130496K
  class space    used 9068K, committed 9216K, reserved 1048576K
}
Event: 49.676 GC heap after
{Heap after GC invocations=97 (full 0):
 garbage-first heap   total 455680K, used 394007K [0x0000000085000000, 0x0000000100000000)
  region size 1024K, 3 young (3072K), 3 survivors (3072K)
 Metaspace       used 85039K, committed 85376K, reserved 1130496K
  class space    used 9068K, committed 9216K, reserved 1048576K
}
Event: 49.748 GC heap before
{Heap before GC invocations=97 (full 0):
 garbage-first heap   total 455680K, used 413463K [0x0000000085000000, 0x0000000100000000)
  region size 1024K, 22 young (22528K), 3 survivors (3072K)
 Metaspace       used 85052K, committed 85376K, reserved 1130496K
  class space    used 9068K, committed 9216K, reserved 1048576K
}
Event: 49.759 GC heap after
{Heap after GC invocations=98 (full 0):
 garbage-first heap   total 455680K, used 406451K [0x0000000085000000, 0x0000000100000000)
  region size 1024K, 3 young (3072K), 3 survivors (3072K)
 Metaspace       used 85052K, committed 85376K, reserved 1130496K
  class space    used 9068K, committed 9216K, reserved 1048576K
}
Event: 49.808 GC heap before
{Heap before GC invocations=98 (full 0):
 garbage-first heap   total 455680K, used 425907K [0x0000000085000000, 0x0000000100000000)
  region size 1024K, 22 young (22528K), 3 survivors (3072K)
 Metaspace       used 85072K, committed 85440K, reserved 1130496K
  class space    used 9068K, committed 9216K, reserved 1048576K
}
Event: 49.818 GC heap after
{Heap after GC invocations=99 (full 0):
 garbage-first heap   total 455680K, used 418776K [0x0000000085000000, 0x0000000100000000)
  region size 1024K, 3 young (3072K), 3 survivors (3072K)
 Metaspace       used 85072K, committed 85440K, reserved 1130496K
  class space    used 9068K, committed 9216K, reserved 1048576K
}
Event: 49.890 GC heap before
{Heap before GC invocations=99 (full 0):
 garbage-first heap   total 455680K, used 438232K [0x0000000085000000, 0x0000000100000000)
  region size 1024K, 22 young (22528K), 3 survivors (3072K)
 Metaspace       used 85074K, committed 85440K, reserved 1130496K
  class space    used 9068K, committed 9216K, reserved 1048576K
}

