# JRE version: OpenJDK Runtime Environment (17.0.6) (build 17.0.6+0-b2043.56-10027231)
# Java VM: OpenJDK 64-Bit Server VM (17.0.6+0-b2043.56-10027231, mixed mode, tiered, compressed oops, compressed class ptrs, g1 gc, windows-amd64)
GC Precious Log:
 CPUs: 8 total, 8 available
 Memory: 7865M
 Large Page Support: Disabled
 NUMA Support: Disabled
 Compressed Oops: Enabled (32-bit)
 Heap Region Size: 1M
 Heap Min Capacity: 8M
 Heap Initial Capacity: 124M
 Heap Max Capacity: 2G
 Pre-touch: Disabled
 Parallel Workers: 8
 Concurrent Workers: 2
 Concurrent Refinement Workers: 8
 Periodic GC: Disabled
Heap:
 garbage-first heap   total 357376K, used 260307K [0x0000000080000000, 0x0000000100000000)
  region size 1024K, 50 young (51200K), 10 survivors (10240K)
 Metaspace       used 122326K, committed 123264K, reserved 1163264K
  class space    used 16242K, committed 16704K, reserved 1048576K
GC Heap History (20 events):
Event: 65.020 GC heap before
{Heap before GC invocations=70 (full 0):
 garbage-first heap   total 299008K, used 254492K [0x0000000080000000, 0x0000000100000000)
  region size 1024K, 70 young (71680K), 5 survivors (5120K)
 Metaspace       used 103768K, committed 104576K, reserved 1146880K
  class space    used 13977K, committed 14400K, reserved 1048576K
}
Event: 65.028 GC heap after
{Heap after GC invocations=71 (full 0):
 garbage-first heap   total 299008K, used 189527K [0x0000000080000000, 0x0000000100000000)
  region size 1024K, 6 young (6144K), 6 survivors (6144K)
 Metaspace       used 103768K, committed 104576K, reserved 1146880K
  class space    used 13977K, committed 14400K, reserved 1048576K
}
Event: 65.746 GC heap before
{Heap before GC invocations=71 (full 0):
 garbage-first heap   total 299008K, used 218199K [0x0000000080000000, 0x0000000100000000)
  region size 1024K, 33 young (33792K), 6 survivors (6144K)
 Metaspace       used 103803K, committed 104576K, reserved 1146880K
  class space    used 13987K, committed 14400K, reserved 1048576K
}
Event: 65.758 GC heap after
{Heap after GC invocations=72 (full 0):
 garbage-first heap   total 299008K, used 192175K [0x0000000080000000, 0x0000000100000000)
  region size 1024K, 5 young (5120K), 5 survivors (5120K)
 Metaspace       used 103803K, committed 104576K, reserved 1146880K
  class space    used 13987K, committed 14400K, reserved 1048576K
}
Event: 68.150 GC heap before
{Heap before GC invocations=73 (full 0):
 garbage-first heap   total 357376K, used 261807K [0x0000000080000000, 0x0000000100000000)
  region size 1024K, 61 young (62464K), 5 survivors (5120K)
 Metaspace       used 109749K, committed 110528K, reserved 1146880K
  class space    used 14733K, committed 15104K, reserved 1048576K
}
Event: 68.175 GC heap after
{Heap after GC invocations=74 (full 0):
 garbage-first heap   total 357376K, used 196355K [0x0000000080000000, 0x0000000100000000)
  region size 1024K, 8 young (8192K), 8 survivors (8192K)
 Metaspace       used 109749K, committed 110528K, reserved 1146880K
  class space    used 14733K, committed 15104K, reserved 1048576K
}
Event: 68.901 GC heap before
{Heap before GC invocations=74 (full 0):
 garbage-first heap   total 357376K, used 205571K [0x0000000080000000, 0x0000000100000000)
  region size 1024K, 17 young (17408K), 8 survivors (8192K)
 Metaspace       used 111200K, committed 112064K, reserved 1146880K
  class space    used 14905K, committed 15296K, reserved 1048576K
}
Event: 68.918 GC heap after
{Heap after GC invocations=75 (full 0):
 garbage-first heap   total 357376K, used 195868K [0x0000000080000000, 0x0000000100000000)
  region size 1024K, 2 young (2048K), 2 survivors (2048K)
 Metaspace       used 111200K, committed 112064K, reserved 1146880K
  class space    used 14905K, committed 15296K, reserved 1048576K
}
Event: 71.727 GC heap before
{Heap before GC invocations=75 (full 0):
 garbage-first heap   total 357376K, used 284956K [0x0000000080000000, 0x0000000100000000)
  region size 1024K, 87 young (89088K), 2 survivors (2048K)
 Metaspace       used 116193K, committed 117120K, reserved 1155072K
  class space    used 15620K, committed 16064K, reserved 1048576K
}
Event: 71.739 GC heap after
{Heap after GC invocations=76 (full 0):
 garbage-first heap   total 357376K, used 202977K [0x0000000080000000, 0x0000000100000000)
  region size 1024K, 7 young (7168K), 7 survivors (7168K)
 Metaspace       used 116193K, committed 117120K, reserved 1155072K
  class space    used 15620K, committed 16064K, reserved 1048576K
}
Event: 72.941 GC heap before
{Heap before GC invocations=76 (full 0):
 garbage-first heap   total 357376K, used 292065K [0x0000000080000000, 0x0000000100000000)
  region size 1024K, 94 young (96256K), 7 survivors (7168K)
 Metaspace       used 116197K, committed 117120K, reserved 1155072K
  class space    used 15620K, committed 16064K, reserved 1048576K
}
Event: 72.953 GC heap after
{Heap after GC invocations=77 (full 0):
 garbage-first heap   total 357376K, used 203223K [0x0000000080000000, 0x0000000100000000)
  region size 1024K, 7 young (7168K), 7 survivors (7168K)
 Metaspace       used 116197K, committed 117120K, reserved 1155072K
  class space    used 15620K, committed 16064K, reserved 1048576K
}
Event: 74.001 GC heap before
{Heap before GC invocations=77 (full 0):
 garbage-first heap   total 357376K, used 299479K [0x0000000080000000, 0x0000000100000000)
  region size 1024K, 101 young (103424K), 7 survivors (7168K)
 Metaspace       used 116216K, committed 117120K, reserved 1155072K
  class space    used 15621K, committed 16064K, reserved 1048576K
}
Event: 74.013 GC heap after
{Heap after GC invocations=78 (full 0):
 garbage-first heap   total 357376K, used 203850K [0x0000000080000000, 0x0000000100000000)
  region size 1024K, 7 young (7168K), 7 survivors (7168K)
 Metaspace       used 116216K, committed 117120K, reserved 1155072K
  class space    used 15621K, committed 16064K, reserved 1048576K
}
Event: 77.425 GC heap before
{Heap before GC invocations=78 (full 0):
 garbage-first heap   total 357376K, used 304202K [0x0000000080000000, 0x0000000100000000)
  region size 1024K, 106 young (108544K), 7 survivors (7168K)
 Metaspace       used 119450K, committed 120384K, reserved 1155072K
  class space    used 15943K, committed 16384K, reserved 1048576K
}
Event: 77.447 GC heap after
{Heap after GC invocations=79 (full 0):
 garbage-first heap   total 357376K, used 209154K [0x0000000080000000, 0x0000000100000000)
  region size 1024K, 14 young (14336K), 14 survivors (14336K)
 Metaspace       used 119450K, committed 120384K, reserved 1155072K
  class space    used 15943K, committed 16384K, reserved 1048576K
}
Event: 78.883 GC heap before
{Heap before GC invocations=79 (full 0):
 garbage-first heap   total 357376K, used 299266K [0x0000000080000000, 0x0000000100000000)
  region size 1024K, 103 young (105472K), 14 survivors (14336K)
 Metaspace       used 119813K, committed 120768K, reserved 1155072K
  class space    used 15949K, committed 16384K, reserved 1048576K
}
Event: 78.917 GC heap after
{Heap after GC invocations=80 (full 0):
 garbage-first heap   total 357376K, used 214927K [0x0000000080000000, 0x0000000100000000)
  region size 1024K, 8 young (8192K), 8 survivors (8192K)
 Metaspace       used 119813K, committed 120768K, reserved 1155072K
  class space    used 15949K, committed 16384K, reserved 1048576K
}
Event: 83.150 GC heap before
{Heap before GC invocations=80 (full 0):
 garbage-first heap   total 357376K, used 298895K [0x0000000080000000, 0x0000000100000000)
  region size 1024K, 91 young (93184K), 8 survivors (8192K)
 Metaspace       used 120599K, committed 121536K, reserved 1155072K
  class space    used 16032K, committed 16512K, reserved 1048576K
}
Event: 83.175 GC heap after
{Heap after GC invocations=81 (full 0):
 garbage-first heap   total 357376K, used 221395K [0x0000000080000000, 0x0000000100000000)
  region size 1024K, 10 young (10240K), 10 survivors (10240K)
 Metaspace       used 120599K, committed 121536K, reserved 1155072K
  class space    used 16032K, committed 16512K, reserved 1048576K
}

