# JRE version: OpenJDK Runtime Environment (17.0.6) (build 17.0.6+0-b2043.56-10027231)
# Java VM: OpenJDK 64-Bit Server VM (17.0.6+0-b2043.56-10027231, mixed mode, tiered, compressed oops, compressed class ptrs, g1 gc, windows-amd64)
GC Precious Log:
 CPUs: 8 total, 8 available
 Memory: 7865M
 Large Page Support: Disabled
 NUMA Support: Disabled
 Compressed Oops: Enabled (32-bit)
 Heap Region Size: 1M
 Heap Min Capacity: 8M
 Heap Initial Capacity: 124M
 Heap Max Capacity: 2G
 Pre-touch: Disabled
 Parallel Workers: 8
 Concurrent Workers: 2
 Concurrent Refinement Workers: 8
 Periodic GC: Disabled
Heap:
 garbage-first heap   total 475136K, used 310656K [0x0000000080000000, 0x0000000100000000)
  region size 1024K, 14 young (14336K), 14 survivors (14336K)
 Metaspace       used 118150K, committed 118976K, reserved 1155072K
  class space    used 15983K, committed 16320K, reserved 1048576K
GC Heap History (20 events):
Event: 30.042 GC heap after
{Heap after GC invocations=50 (full 0):
 garbage-first heap   total 339968K, used 171435K [0x0000000080000000, 0x0000000100000000)
  region size 1024K, 7 young (7168K), 7 survivors (7168K)
 Metaspace       used 104353K, committed 105088K, reserved 1146880K
  class space    used 14046K, committed 14400K, reserved 1048576K
}
Event: 30.743 GC heap before
{Heap before GC invocations=50 (full 0):
 garbage-first heap   total 339968K, used 277931K [0x0000000080000000, 0x0000000100000000)
  region size 1024K, 112 young (114688K), 7 survivors (7168K)
 Metaspace       used 108804K, committed 109568K, reserved 1146880K
  class space    used 14679K, committed 15040K, reserved 1048576K
}
Event: 30.763 GC heap after
{Heap after GC invocations=51 (full 0):
 garbage-first heap   total 339968K, used 190124K [0x0000000080000000, 0x0000000100000000)
  region size 1024K, 14 young (14336K), 14 survivors (14336K)
 Metaspace       used 108804K, committed 109568K, reserved 1146880K
  class space    used 14679K, committed 15040K, reserved 1048576K
}
Event: 31.280 GC heap before
{Heap before GC invocations=51 (full 0):
 garbage-first heap   total 339968K, used 272044K [0x0000000080000000, 0x0000000100000000)
  region size 1024K, 95 young (97280K), 14 survivors (14336K)
 Metaspace       used 111267K, committed 112000K, reserved 1146880K
  class space    used 15094K, committed 15424K, reserved 1048576K
}
Event: 31.298 GC heap after
{Heap after GC invocations=52 (full 0):
 garbage-first heap   total 339968K, used 202309K [0x0000000080000000, 0x0000000100000000)
  region size 1024K, 12 young (12288K), 12 survivors (12288K)
 Metaspace       used 111267K, committed 112000K, reserved 1146880K
  class space    used 15094K, committed 15424K, reserved 1048576K
}
Event: 31.669 GC heap before
{Heap before GC invocations=52 (full 0):
 garbage-first heap   total 339968K, used 273989K [0x0000000080000000, 0x0000000100000000)
  region size 1024K, 83 young (84992K), 12 survivors (12288K)
 Metaspace       used 111269K, committed 112000K, reserved 1146880K
  class space    used 15094K, committed 15424K, reserved 1048576K
}
Event: 31.676 GC heap after
{Heap after GC invocations=53 (full 0):
 garbage-first heap   total 339968K, used 213209K [0x0000000080000000, 0x0000000100000000)
  region size 1024K, 11 young (11264K), 11 survivors (11264K)
 Metaspace       used 111269K, committed 112000K, reserved 1146880K
  class space    used 15094K, committed 15424K, reserved 1048576K
}
Event: 31.911 GC heap before
{Heap before GC invocations=53 (full 0):
 garbage-first heap   total 339968K, used 278745K [0x0000000080000000, 0x0000000100000000)
  region size 1024K, 75 young (76800K), 11 survivors (11264K)
 Metaspace       used 112130K, committed 112896K, reserved 1146880K
  class space    used 15197K, committed 15552K, reserved 1048576K
}
Event: 31.925 GC heap after
{Heap after GC invocations=54 (full 0):
 garbage-first heap   total 339968K, used 224785K [0x0000000080000000, 0x0000000100000000)
  region size 1024K, 10 young (10240K), 10 survivors (10240K)
 Metaspace       used 112130K, committed 112896K, reserved 1146880K
  class space    used 15197K, committed 15552K, reserved 1048576K
}
Event: 32.061 GC heap before
{Heap before GC invocations=54 (full 0):
 garbage-first heap   total 339968K, used 279057K [0x0000000080000000, 0x0000000100000000)
  region size 1024K, 64 young (65536K), 10 survivors (10240K)
 Metaspace       used 113443K, committed 114176K, reserved 1155072K
  class space    used 15437K, committed 15808K, reserved 1048576K
}
Event: 32.077 GC heap after
{Heap after GC invocations=55 (full 0):
 garbage-first heap   total 339968K, used 236033K [0x0000000080000000, 0x0000000100000000)
  region size 1024K, 8 young (8192K), 8 survivors (8192K)
 Metaspace       used 113443K, committed 114176K, reserved 1155072K
  class space    used 15437K, committed 15808K, reserved 1048576K
}
Event: 32.179 GC heap before
{Heap before GC invocations=55 (full 0):
 garbage-first heap   total 339968K, used 283137K [0x0000000080000000, 0x0000000100000000)
  region size 1024K, 54 young (55296K), 8 survivors (8192K)
 Metaspace       used 114849K, committed 115584K, reserved 1155072K
  class space    used 15658K, committed 16000K, reserved 1048576K
}
Event: 32.195 GC heap after
{Heap after GC invocations=56 (full 0):
 garbage-first heap   total 475136K, used 246329K [0x0000000080000000, 0x0000000100000000)
  region size 1024K, 7 young (7168K), 7 survivors (7168K)
 Metaspace       used 114849K, committed 115584K, reserved 1155072K
  class space    used 15658K, committed 16000K, reserved 1048576K
}
Event: 32.601 GC heap before
{Heap before GC invocations=56 (full 0):
 garbage-first heap   total 475136K, used 374329K [0x0000000080000000, 0x0000000100000000)
  region size 1024K, 133 young (136192K), 7 survivors (7168K)
 Metaspace       used 115613K, committed 116416K, reserved 1155072K
  class space    used 15694K, committed 16064K, reserved 1048576K
}
Event: 32.624 GC heap after
{Heap after GC invocations=57 (full 0):
 garbage-first heap   total 475136K, used 263156K [0x0000000080000000, 0x0000000100000000)
  region size 1024K, 17 young (17408K), 17 survivors (17408K)
 Metaspace       used 115613K, committed 116416K, reserved 1155072K
  class space    used 15694K, committed 16064K, reserved 1048576K
}
Event: 32.822 GC heap before
{Heap before GC invocations=57 (full 0):
 garbage-first heap   total 475136K, used 379892K [0x0000000080000000, 0x0000000100000000)
  region size 1024K, 131 young (134144K), 17 survivors (17408K)
 Metaspace       used 116213K, committed 116992K, reserved 1155072K
  class space    used 15752K, committed 16128K, reserved 1048576K
}
Event: 32.855 GC heap after
{Heap after GC invocations=58 (full 0):
 garbage-first heap   total 475136K, used 280040K [0x0000000080000000, 0x0000000100000000)
  region size 1024K, 17 young (17408K), 17 survivors (17408K)
 Metaspace       used 116213K, committed 116992K, reserved 1155072K
  class space    used 15752K, committed 16128K, reserved 1048576K
}
Event: 33.117 GC heap before
{Heap before GC invocations=58 (full 0):
 garbage-first heap   total 475136K, used 385512K [0x0000000080000000, 0x0000000100000000)
  region size 1024K, 121 young (123904K), 17 survivors (17408K)
 Metaspace       used 117380K, committed 118144K, reserved 1155072K
  class space    used 15903K, committed 16256K, reserved 1048576K
}
Event: 33.144 GC heap after
{Heap after GC invocations=59 (full 0):
 garbage-first heap   total 475136K, used 296269K [0x0000000080000000, 0x0000000100000000)
  region size 1024K, 16 young (16384K), 16 survivors (16384K)
 Metaspace       used 117380K, committed 118144K, reserved 1155072K
  class space    used 15903K, committed 16256K, reserved 1048576K
}
Event: 33.384 GC heap before
{Heap before GC invocations=59 (full 0):
 garbage-first heap   total 475136K, used 389453K [0x0000000080000000, 0x0000000100000000)
  region size 1024K, 107 young (109568K), 16 survivors (16384K)
 Metaspace       used 118150K, committed 118976K, reserved 1155072K
  class space    used 15983K, committed 16320K, reserved 1048576K
}

