# JRE version: OpenJDK Runtime Environment (17.0.6) (build 17.0.6+0-b2043.56-10027231)
# Java VM: OpenJDK 64-Bit Server VM (17.0.6+0-b2043.56-10027231, mixed mode, tiered, compressed oops, compressed class ptrs, g1 gc, windows-amd64)
GC Precious Log:
 CPUs: 8 total, 8 available
 Memory: 7865M
 Large Page Support: Disabled
 NUMA Support: Disabled
 Compressed Oops: Enabled (32-bit)
 Heap Region Size: 1M
 Heap Min Capacity: 8M
 Heap Initial Capacity: 124M
 Heap Max Capacity: 2G
 Pre-touch: Disabled
 Parallel Workers: 8
 Concurrent Workers: 2
 Concurrent Refinement Workers: 8
 Periodic GC: Disabled
Heap:
 garbage-first heap   total 158720K, used 91534K [0x0000000080000000, 0x0000000100000000)
  region size 1024K, 1 young (1024K), 1 survivors (1024K)
 Metaspace       used 96727K, committed 97344K, reserved 1138688K
  class space    used 13165K, committed 13440K, reserved 1048576K
GC Heap History (20 events):
Event: 7.843 GC heap after
{Heap after GC invocations=27 (full 0):
 garbage-first heap   total 126976K, used 69679K [0x0000000080000000, 0x0000000100000000)
  region size 1024K, 3 young (3072K), 3 survivors (3072K)
 Metaspace       used 76391K, committed 76992K, reserved 1122304K
  class space    used 10107K, committed 10368K, reserved 1048576K
}
Event: 8.047 GC heap before
{Heap before GC invocations=28 (full 0):
 garbage-first heap   total 126976K, used 100399K [0x0000000080000000, 0x0000000100000000)
  region size 1024K, 33 young (33792K), 3 survivors (3072K)
 Metaspace       used 77291K, committed 77952K, reserved 1122304K
  class space    used 10212K, committed 10496K, reserved 1048576K
}
Event: 8.053 GC heap after
{Heap after GC invocations=29 (full 0):
 garbage-first heap   total 126976K, used 73402K [0x0000000080000000, 0x0000000100000000)
  region size 1024K, 5 young (5120K), 5 survivors (5120K)
 Metaspace       used 77291K, committed 77952K, reserved 1122304K
  class space    used 10212K, committed 10496K, reserved 1048576K
}
Event: 8.340 GC heap before
{Heap before GC invocations=29 (full 0):
 garbage-first heap   total 126976K, used 102074K [0x0000000080000000, 0x0000000100000000)
  region size 1024K, 33 young (33792K), 5 survivors (5120K)
 Metaspace       used 79816K, committed 80448K, reserved 1122304K
  class space    used 10556K, committed 10816K, reserved 1048576K
}
Event: 8.345 GC heap after
{Heap after GC invocations=30 (full 0):
 garbage-first heap   total 152576K, used 74963K [0x0000000080000000, 0x0000000100000000)
  region size 1024K, 2 young (2048K), 2 survivors (2048K)
 Metaspace       used 79816K, committed 80448K, reserved 1122304K
  class space    used 10556K, committed 10816K, reserved 1048576K
}
Event: 8.849 GC heap before
{Heap before GC invocations=31 (full 0):
 garbage-first heap   total 152576K, used 116947K [0x0000000080000000, 0x0000000100000000)
  region size 1024K, 43 young (44032K), 2 survivors (2048K)
 Metaspace       used 84856K, committed 85440K, reserved 1130496K
  class space    used 11453K, committed 11712K, reserved 1048576K
}
Event: 8.853 GC heap after
{Heap after GC invocations=32 (full 0):
 garbage-first heap   total 152576K, used 77088K [0x0000000080000000, 0x0000000100000000)
  region size 1024K, 4 young (4096K), 4 survivors (4096K)
 Metaspace       used 84856K, committed 85440K, reserved 1130496K
  class space    used 11453K, committed 11712K, reserved 1048576K
}
Event: 8.886 GC heap before
{Heap before GC invocations=32 (full 0):
 garbage-first heap   total 152576K, used 80160K [0x0000000080000000, 0x0000000100000000)
  region size 1024K, 7 young (7168K), 4 survivors (4096K)
 Metaspace       used 85148K, committed 85760K, reserved 1130496K
  class space    used 11486K, committed 11776K, reserved 1048576K
}
Event: 8.891 GC heap after
{Heap after GC invocations=33 (full 0):
 garbage-first heap   total 152576K, used 76818K [0x0000000080000000, 0x0000000100000000)
  region size 1024K, 1 young (1024K), 1 survivors (1024K)
 Metaspace       used 85148K, committed 85760K, reserved 1130496K
  class space    used 11486K, committed 11776K, reserved 1048576K
}
Event: 9.265 GC heap before
{Heap before GC invocations=33 (full 0):
 garbage-first heap   total 152576K, used 120850K [0x0000000080000000, 0x0000000100000000)
  region size 1024K, 44 young (45056K), 1 survivors (1024K)
 Metaspace       used 87414K, committed 88064K, reserved 1130496K
  class space    used 11825K, committed 12096K, reserved 1048576K
}
Event: 9.269 GC heap after
{Heap after GC invocations=34 (full 0):
 garbage-first heap   total 152576K, used 80406K [0x0000000080000000, 0x0000000100000000)
  region size 1024K, 5 young (5120K), 5 survivors (5120K)
 Metaspace       used 87414K, committed 88064K, reserved 1130496K
  class space    used 11825K, committed 12096K, reserved 1048576K
}
Event: 9.754 GC heap before
{Heap before GC invocations=35 (full 0):
 garbage-first heap   total 152576K, used 121366K [0x0000000080000000, 0x0000000100000000)
  region size 1024K, 45 young (46080K), 5 survivors (5120K)
 Metaspace       used 90277K, committed 90944K, reserved 1130496K
  class space    used 12237K, committed 12544K, reserved 1048576K
}
Event: 9.759 GC heap after
{Heap after GC invocations=36 (full 0):
 garbage-first heap   total 152576K, used 84093K [0x0000000080000000, 0x0000000100000000)
  region size 1024K, 4 young (4096K), 4 survivors (4096K)
 Metaspace       used 90277K, committed 90944K, reserved 1130496K
  class space    used 12237K, committed 12544K, reserved 1048576K
}
Event: 9.785 GC heap before
{Heap before GC invocations=36 (full 0):
 garbage-first heap   total 152576K, used 87165K [0x0000000080000000, 0x0000000100000000)
  region size 1024K, 7 young (7168K), 4 survivors (4096K)
 Metaspace       used 90459K, committed 91072K, reserved 1130496K
  class space    used 12262K, committed 12544K, reserved 1048576K
}
Event: 9.789 GC heap after
{Heap after GC invocations=37 (full 0):
 garbage-first heap   total 152576K, used 83881K [0x0000000080000000, 0x0000000100000000)
  region size 1024K, 1 young (1024K), 1 survivors (1024K)
 Metaspace       used 90459K, committed 91072K, reserved 1130496K
  class space    used 12262K, committed 12544K, reserved 1048576K
}
Event: 10.305 GC heap before
{Heap before GC invocations=37 (full 0):
 garbage-first heap   total 152576K, used 122793K [0x0000000080000000, 0x0000000100000000)
  region size 1024K, 39 young (39936K), 1 survivors (1024K)
 Metaspace       used 95243K, committed 95936K, reserved 1138688K
  class space    used 12960K, committed 13248K, reserved 1048576K
}
Event: 10.309 GC heap after
{Heap after GC invocations=38 (full 0):
 garbage-first heap   total 152576K, used 86721K [0x0000000080000000, 0x0000000100000000)
  region size 1024K, 4 young (4096K), 4 survivors (4096K)
 Metaspace       used 95243K, committed 95936K, reserved 1138688K
  class space    used 12960K, committed 13248K, reserved 1048576K
}
Event: 10.633 GC heap before
{Heap before GC invocations=39 (full 0):
 garbage-first heap   total 158720K, used 123585K [0x0000000080000000, 0x0000000100000000)
  region size 1024K, 40 young (40960K), 4 survivors (4096K)
 Metaspace       used 96726K, committed 97344K, reserved 1138688K
  class space    used 13165K, committed 13440K, reserved 1048576K
}
Event: 10.639 GC heap after
{Heap after GC invocations=40 (full 0):
 garbage-first heap   total 158720K, used 91131K [0x0000000080000000, 0x0000000100000000)
  region size 1024K, 5 young (5120K), 5 survivors (5120K)
 Metaspace       used 96726K, committed 97344K, reserved 1138688K
  class space    used 13165K, committed 13440K, reserved 1048576K
}
Event: 10.648 GC heap before
{Heap before GC invocations=40 (full 0):
 garbage-first heap   total 158720K, used 93179K [0x0000000080000000, 0x0000000100000000)
  region size 1024K, 7 young (7168K), 5 survivors (5120K)
 Metaspace       used 96727K, committed 97344K, reserved 1138688K
  class space    used 13165K, committed 13440K, reserved 1048576K
}

