# JRE version: OpenJDK Runtime Environment (17.0.6) (build 17.0.6+0-b2043.56-10027231)
# Java VM: OpenJDK 64-Bit Server VM (17.0.6+0-b2043.56-10027231, mixed mode, tiered, compressed oops, compressed class ptrs, g1 gc, windows-amd64)
GC Precious Log:
 CPUs: 8 total, 8 available
 Memory: 7865M
 Large Page Support: Disabled
 NUMA Support: Disabled
 Compressed Oops: Enabled (32-bit)
 Heap Region Size: 1M
 Heap Min Capacity: 8M
 Heap Initial Capacity: 124M
 Heap Max Capacity: 1968M
 Pre-touch: Disabled
 Parallel Workers: 8
 Concurrent Workers: 2
 Concurrent Refinement Workers: 8
 Periodic GC: Disabled
Heap:
 garbage-first heap   total 500736K, used 309278K [0x0000000085000000, 0x0000000100000000)
  region size 1024K, 9 young (9216K), 9 survivors (9216K)
 Metaspace       used 75618K, committed 75968K, reserved 1122304K
  class space    used 8224K, committed 8384K, reserved 1048576K
GC Heap History (20 events):
Event: 53.198 GC heap after
{Heap after GC invocations=102 (full 0):
 garbage-first heap   total 334848K, used 288188K [0x0000000085000000, 0x0000000100000000)
  region size 1024K, 2 young (2048K), 2 survivors (2048K)
 Metaspace       used 74472K, committed 74816K, reserved 1122304K
  class space    used 8119K, committed 8256K, reserved 1048576K
}
Event: 53.333 GC heap before
{Heap before GC invocations=102 (full 0):
 garbage-first heap   total 334848K, used 302524K [0x0000000085000000, 0x0000000100000000)
  region size 1024K, 16 young (16384K), 2 survivors (2048K)
 Metaspace       used 74495K, committed 74816K, reserved 1122304K
  class space    used 8119K, committed 8256K, reserved 1048576K
}
Event: 53.336 GC heap after
{Heap after GC invocations=103 (full 0):
 garbage-first heap   total 334848K, used 289104K [0x0000000085000000, 0x0000000100000000)
  region size 1024K, 2 young (2048K), 2 survivors (2048K)
 Metaspace       used 74495K, committed 74816K, reserved 1122304K
  class space    used 8119K, committed 8256K, reserved 1048576K
}
Event: 53.469 GC heap before
{Heap before GC invocations=103 (full 0):
 garbage-first heap   total 334848K, used 303440K [0x0000000085000000, 0x0000000100000000)
  region size 1024K, 16 young (16384K), 2 survivors (2048K)
 Metaspace       used 74498K, committed 74816K, reserved 1122304K
  class space    used 8119K, committed 8256K, reserved 1048576K
}
Event: 53.472 GC heap after
{Heap after GC invocations=104 (full 0):
 garbage-first heap   total 334848K, used 290202K [0x0000000085000000, 0x0000000100000000)
  region size 1024K, 2 young (2048K), 2 survivors (2048K)
 Metaspace       used 74498K, committed 74816K, reserved 1122304K
  class space    used 8119K, committed 8256K, reserved 1048576K
}
Event: 53.607 GC heap before
{Heap before GC invocations=104 (full 0):
 garbage-first heap   total 334848K, used 304538K [0x0000000085000000, 0x0000000100000000)
  region size 1024K, 16 young (16384K), 2 survivors (2048K)
 Metaspace       used 74501K, committed 74816K, reserved 1122304K
  class space    used 8119K, committed 8256K, reserved 1048576K
}
Event: 53.611 GC heap after
{Heap after GC invocations=105 (full 0):
 garbage-first heap   total 334848K, used 291767K [0x0000000085000000, 0x0000000100000000)
  region size 1024K, 2 young (2048K), 2 survivors (2048K)
 Metaspace       used 74501K, committed 74816K, reserved 1122304K
  class space    used 8119K, committed 8256K, reserved 1048576K
}
Event: 53.740 GC heap before
{Heap before GC invocations=105 (full 0):
 garbage-first heap   total 334848K, used 306103K [0x0000000085000000, 0x0000000100000000)
  region size 1024K, 16 young (16384K), 2 survivors (2048K)
 Metaspace       used 74527K, committed 74880K, reserved 1122304K
  class space    used 8120K, committed 8256K, reserved 1048576K
}
Event: 53.744 GC heap after
{Heap after GC invocations=106 (full 0):
 garbage-first heap   total 334848K, used 293031K [0x0000000085000000, 0x0000000100000000)
  region size 1024K, 2 young (2048K), 2 survivors (2048K)
 Metaspace       used 74527K, committed 74880K, reserved 1122304K
  class space    used 8120K, committed 8256K, reserved 1048576K
}
Event: 53.958 GC heap before
{Heap before GC invocations=106 (full 0):
 garbage-first heap   total 334848K, used 307367K [0x0000000085000000, 0x0000000100000000)
  region size 1024K, 16 young (16384K), 2 survivors (2048K)
 Metaspace       used 74527K, committed 74880K, reserved 1122304K
  class space    used 8120K, committed 8256K, reserved 1048576K
}
Event: 53.961 GC heap after
{Heap after GC invocations=107 (full 0):
 garbage-first heap   total 334848K, used 294128K [0x0000000085000000, 0x0000000100000000)
  region size 1024K, 2 young (2048K), 2 survivors (2048K)
 Metaspace       used 74527K, committed 74880K, reserved 1122304K
  class space    used 8120K, committed 8256K, reserved 1048576K
}
Event: 54.153 GC heap before
{Heap before GC invocations=107 (full 0):
 garbage-first heap   total 334848K, used 308464K [0x0000000085000000, 0x0000000100000000)
  region size 1024K, 16 young (16384K), 2 survivors (2048K)
 Metaspace       used 74529K, committed 74880K, reserved 1122304K
  class space    used 8120K, committed 8256K, reserved 1048576K
}
Event: 54.156 GC heap after
{Heap after GC invocations=108 (full 0):
 garbage-first heap   total 334848K, used 295303K [0x0000000085000000, 0x0000000100000000)
  region size 1024K, 2 young (2048K), 2 survivors (2048K)
 Metaspace       used 74529K, committed 74880K, reserved 1122304K
  class space    used 8120K, committed 8256K, reserved 1048576K
}
Event: 54.368 GC heap before
{Heap before GC invocations=108 (full 0):
 garbage-first heap   total 500736K, used 307591K [0x0000000085000000, 0x0000000100000000)
  region size 1024K, 16 young (16384K), 2 survivors (2048K)
 Metaspace       used 74530K, committed 74880K, reserved 1122304K
  class space    used 8120K, committed 8256K, reserved 1048576K
}
Event: 54.372 GC heap after
{Heap after GC invocations=109 (full 0):
 garbage-first heap   total 500736K, used 294855K [0x0000000085000000, 0x0000000100000000)
  region size 1024K, 2 young (2048K), 2 survivors (2048K)
 Metaspace       used 74530K, committed 74880K, reserved 1122304K
  class space    used 8120K, committed 8256K, reserved 1048576K
}
Event: 55.825 GC heap before
{Heap before GC invocations=110 (full 0):
 garbage-first heap   total 500736K, used 424903K [0x0000000085000000, 0x0000000100000000)
  region size 1024K, 129 young (132096K), 2 survivors (2048K)
 Metaspace       used 74556K, committed 74880K, reserved 1122304K
  class space    used 8120K, committed 8256K, reserved 1048576K
}
Event: 55.838 GC heap after
{Heap after GC invocations=111 (full 0):
 garbage-first heap   total 500736K, used 303595K [0x0000000085000000, 0x0000000100000000)
  region size 1024K, 11 young (11264K), 11 survivors (11264K)
 Metaspace       used 74556K, committed 74880K, reserved 1122304K
  class space    used 8120K, committed 8256K, reserved 1048576K
}
Event: 55.968 GC heap before
{Heap before GC invocations=111 (full 0):
 garbage-first heap   total 500736K, used 316907K [0x0000000085000000, 0x0000000100000000)
  region size 1024K, 24 young (24576K), 11 survivors (11264K)
 Metaspace       used 74558K, committed 74880K, reserved 1122304K
  class space    used 8120K, committed 8256K, reserved 1048576K
}
Event: 55.988 GC heap after
{Heap after GC invocations=112 (full 0):
 garbage-first heap   total 500736K, used 301979K [0x0000000085000000, 0x0000000100000000)
  region size 1024K, 2 young (2048K), 2 survivors (2048K)
 Metaspace       used 74558K, committed 74880K, reserved 1122304K
  class space    used 8120K, committed 8256K, reserved 1048576K
}
Event: 57.384 GC heap before
{Heap before GC invocations=112 (full 0):
 garbage-first heap   total 500736K, used 422811K [0x0000000085000000, 0x0000000100000000)
  region size 1024K, 120 young (122880K), 2 survivors (2048K)
 Metaspace       used 75618K, committed 75968K, reserved 1122304K
  class space    used 8224K, committed 8384K, reserved 1048576K
}

