# JRE version: OpenJDK Runtime Environment (17.0.6) (build 17.0.6+0-b2043.56-10027231)
# Java VM: OpenJDK 64-Bit Server VM (17.0.6+0-b2043.56-10027231, mixed mode, tiered, compressed oops, compressed class ptrs, g1 gc, windows-amd64)
GC Precious Log:
 CPUs: 8 total, 8 available
 Memory: 7865M
 Large Page Support: Disabled
 NUMA Support: Disabled
 Compressed Oops: Enabled (32-bit)
 Heap Region Size: 1M
 Heap Min Capacity: 8M
 Heap Initial Capacity: 124M
 Heap Max Capacity: 2G
 Pre-touch: Disabled
 Parallel Workers: 8
 Concurrent Workers: 2
 Concurrent Refinement Workers: 8
 Periodic GC: Disabled
Heap:
 garbage-first heap   total 379904K, used 275115K [0x0000000080000000, 0x0000000100000000)
  region size 1024K, 8 young (8192K), 8 survivors (8192K)
 Metaspace       used 116460K, committed 117248K, reserved 1155072K
  class space    used 15818K, committed 16192K, reserved 1048576K
GC Heap History (20 events):
Event: 23.270 GC heap after
{Heap after GC invocations=43 (full 0):
 garbage-first heap   total 316416K, used 150728K [0x0000000080000000, 0x0000000100000000)
  region size 1024K, 8 young (8192K), 8 survivors (8192K)
 Metaspace       used 102574K, committed 103360K, reserved 1138688K
  class space    used 13792K, committed 14144K, reserved 1048576K
}
Event: 23.828 GC heap before
{Heap before GC invocations=43 (full 0):
 garbage-first heap   total 316416K, used 268488K [0x0000000080000000, 0x0000000100000000)
  region size 1024K, 115 young (117760K), 8 survivors (8192K)
 Metaspace       used 102711K, committed 103424K, reserved 1138688K
  class space    used 13806K, committed 14144K, reserved 1048576K
}
Event: 23.842 GC heap after
{Heap after GC invocations=44 (full 0):
 garbage-first heap   total 316416K, used 160027K [0x0000000080000000, 0x0000000100000000)
  region size 1024K, 15 young (15360K), 15 survivors (15360K)
 Metaspace       used 102711K, committed 103424K, reserved 1138688K
  class space    used 13806K, committed 14144K, reserved 1048576K
}
Event: 24.613 GC heap before
{Heap before GC invocations=44 (full 0):
 garbage-first heap   total 316416K, used 263451K [0x0000000080000000, 0x0000000100000000)
  region size 1024K, 111 young (113664K), 15 survivors (15360K)
 Metaspace       used 107652K, committed 108480K, reserved 1146880K
  class space    used 14538K, committed 14912K, reserved 1048576K
}
Event: 24.636 GC heap after
{Heap after GC invocations=45 (full 0):
 garbage-first heap   total 316416K, used 173904K [0x0000000080000000, 0x0000000100000000)
  region size 1024K, 14 young (14336K), 14 survivors (14336K)
 Metaspace       used 107652K, committed 108480K, reserved 1146880K
  class space    used 14538K, committed 14912K, reserved 1048576K
}
Event: 25.071 GC heap before
{Heap before GC invocations=45 (full 0):
 garbage-first heap   total 316416K, used 255824K [0x0000000080000000, 0x0000000100000000)
  region size 1024K, 95 young (97280K), 14 survivors (14336K)
 Metaspace       used 110964K, committed 111744K, reserved 1146880K
  class space    used 14996K, committed 15360K, reserved 1048576K
}
Event: 25.091 GC heap after
{Heap after GC invocations=46 (full 0):
 garbage-first heap   total 316416K, used 190334K [0x0000000080000000, 0x0000000100000000)
  region size 1024K, 12 young (12288K), 12 survivors (12288K)
 Metaspace       used 110964K, committed 111744K, reserved 1146880K
  class space    used 14996K, committed 15360K, reserved 1048576K
}
Event: 25.564 GC heap before
{Heap before GC invocations=46 (full 0):
 garbage-first heap   total 316416K, used 256894K [0x0000000080000000, 0x0000000100000000)
  region size 1024K, 78 young (79872K), 12 survivors (12288K)
 Metaspace       used 111489K, committed 112320K, reserved 1146880K
  class space    used 15155K, committed 15552K, reserved 1048576K
}
Event: 25.575 GC heap after
{Heap after GC invocations=47 (full 0):
 garbage-first heap   total 379904K, used 201160K [0x0000000080000000, 0x0000000100000000)
  region size 1024K, 10 young (10240K), 10 survivors (10240K)
 Metaspace       used 111489K, committed 112320K, reserved 1146880K
  class space    used 15155K, committed 15552K, reserved 1048576K
}
Event: 26.112 GC heap before
{Heap before GC invocations=47 (full 0):
 garbage-first heap   total 379904K, used 300488K [0x0000000080000000, 0x0000000100000000)
  region size 1024K, 108 young (110592K), 10 survivors (10240K)
 Metaspace       used 112379K, committed 113152K, reserved 1146880K
  class space    used 15278K, committed 15616K, reserved 1048576K
}
Event: 26.123 GC heap after
{Heap after GC invocations=48 (full 0):
 garbage-first heap   total 379904K, used 214549K [0x0000000080000000, 0x0000000100000000)
  region size 1024K, 14 young (14336K), 14 survivors (14336K)
 Metaspace       used 112379K, committed 113152K, reserved 1146880K
  class space    used 15278K, committed 15616K, reserved 1048576K
}
Event: 26.373 GC heap before
{Heap before GC invocations=48 (full 0):
 garbage-first heap   total 379904K, used 304661K [0x0000000080000000, 0x0000000100000000)
  region size 1024K, 103 young (105472K), 14 survivors (14336K)
 Metaspace       used 115234K, committed 116032K, reserved 1155072K
  class space    used 15759K, committed 16128K, reserved 1048576K
}
Event: 26.395 GC heap after
{Heap after GC invocations=49 (full 0):
 garbage-first heap   total 379904K, used 231287K [0x0000000080000000, 0x0000000100000000)
  region size 1024K, 13 young (13312K), 13 survivors (13312K)
 Metaspace       used 115234K, committed 116032K, reserved 1155072K
  class space    used 15759K, committed 16128K, reserved 1048576K
}
Event: 26.529 GC heap before
{Heap before GC invocations=49 (full 0):
 garbage-first heap   total 379904K, used 309111K [0x0000000080000000, 0x0000000100000000)
  region size 1024K, 89 young (91136K), 13 survivors (13312K)
 Metaspace       used 115589K, committed 116416K, reserved 1155072K
  class space    used 15764K, committed 16128K, reserved 1048576K
}
Event: 26.551 GC heap after
{Heap after GC invocations=50 (full 0):
 garbage-first heap   total 379904K, used 247125K [0x0000000080000000, 0x0000000100000000)
  region size 1024K, 12 young (12288K), 12 survivors (12288K)
 Metaspace       used 115589K, committed 116416K, reserved 1155072K
  class space    used 15764K, committed 16128K, reserved 1048576K
}
Event: 26.687 GC heap before
{Heap before GC invocations=50 (full 0):
 garbage-first heap   total 379904K, used 311637K [0x0000000080000000, 0x0000000100000000)
  region size 1024K, 75 young (76800K), 12 survivors (12288K)
 Metaspace       used 115781K, committed 116544K, reserved 1155072K
  class space    used 15781K, committed 16128K, reserved 1048576K
}
Event: 26.713 GC heap after
{Heap after GC invocations=51 (full 0):
 garbage-first heap   total 379904K, used 259072K [0x0000000080000000, 0x0000000100000000)
  region size 1024K, 10 young (10240K), 10 survivors (10240K)
 Metaspace       used 115781K, committed 116544K, reserved 1155072K
  class space    used 15781K, committed 16128K, reserved 1048576K
}
Event: 26.836 GC heap before
{Heap before GC invocations=51 (full 0):
 garbage-first heap   total 379904K, used 314368K [0x0000000080000000, 0x0000000100000000)
  region size 1024K, 65 young (66560K), 10 survivors (10240K)
 Metaspace       used 116089K, committed 116864K, reserved 1155072K
  class space    used 15782K, committed 16128K, reserved 1048576K
}
Event: 26.855 GC heap after
{Heap after GC invocations=52 (full 0):
 garbage-first heap   total 379904K, used 268717K [0x0000000080000000, 0x0000000100000000)
  region size 1024K, 9 young (9216K), 9 survivors (9216K)
 Metaspace       used 116089K, committed 116864K, reserved 1155072K
  class space    used 15782K, committed 16128K, reserved 1048576K
}
Event: 26.944 GC heap before
{Heap before GC invocations=52 (full 0):
 garbage-first heap   total 379904K, used 318893K [0x0000000080000000, 0x0000000100000000)
  region size 1024K, 58 young (59392K), 9 survivors (9216K)
 Metaspace       used 116460K, committed 117248K, reserved 1155072K
  class space    used 15818K, committed 16192K, reserved 1048576K
}

