# JRE version: OpenJDK Runtime Environment (17.0.6) (build 17.0.6+0-b2043.56-10027231)
# Java VM: OpenJDK 64-Bit Server VM (17.0.6+0-b2043.56-10027231, mixed mode, tiered, compressed oops, compressed class ptrs, g1 gc, windows-amd64)
GC Precious Log:
 CPUs: 8 total, 8 available
 Memory: 7865M
 Large Page Support: Disabled
 NUMA Support: Disabled
 Compressed Oops: Enabled (32-bit)
 Heap Region Size: 1M
 Heap Min Capacity: 8M
 Heap Initial Capacity: 124M
 Heap Max Capacity: 1968M
 Pre-touch: Disabled
 Parallel Workers: 8
 Concurrent Workers: 2
 Concurrent Refinement Workers: 8
 Periodic GC: Disabled
Heap:
 garbage-first heap   total 509952K, used 456246K [0x0000000085000000, 0x0000000100000000)
  region size 1024K, 3 young (3072K), 3 survivors (3072K)
 Metaspace       used 85211K, committed 85568K, reserved 1130496K
  class space    used 9068K, committed 9216K, reserved 1048576K
GC Heap History (20 events):
Event: 72.840 GC heap after
{Heap after GC invocations=91 (full 0):
 garbage-first heap   total 446464K, used 361628K [0x0000000085000000, 0x0000000100000000)
  region size 1024K, 5 young (5120K), 5 survivors (5120K)
 Metaspace       used 83673K, committed 84032K, reserved 1130496K
  class space    used 8922K, committed 9088K, reserved 1048576K
}
Event: 73.239 GC heap before
{Heap before GC invocations=91 (full 0):
 garbage-first heap   total 446464K, used 389276K [0x0000000085000000, 0x0000000100000000)
  region size 1024K, 32 young (32768K), 5 survivors (5120K)
 Metaspace       used 83708K, committed 84096K, reserved 1130496K
  class space    used 8922K, committed 9088K, reserved 1048576K
}
Event: 73.248 GC heap after
{Heap after GC invocations=92 (full 0):
 garbage-first heap   total 446464K, used 366543K [0x0000000085000000, 0x0000000100000000)
  region size 1024K, 4 young (4096K), 4 survivors (4096K)
 Metaspace       used 83708K, committed 84096K, reserved 1130496K
  class space    used 8922K, committed 9088K, reserved 1048576K
}
Event: 73.513 GC heap before
{Heap before GC invocations=92 (full 0):
 garbage-first heap   total 446464K, used 391119K [0x0000000085000000, 0x0000000100000000)
  region size 1024K, 28 young (28672K), 4 survivors (4096K)
 Metaspace       used 83725K, committed 84096K, reserved 1130496K
  class space    used 8922K, committed 9088K, reserved 1048576K
}
Event: 73.523 GC heap after
{Heap after GC invocations=93 (full 0):
 garbage-first heap   total 446464K, used 370639K [0x0000000085000000, 0x0000000100000000)
  region size 1024K, 4 young (4096K), 4 survivors (4096K)
 Metaspace       used 83725K, committed 84096K, reserved 1130496K
  class space    used 8922K, committed 9088K, reserved 1048576K
}
Event: 73.778 GC heap before
{Heap before GC invocations=93 (full 0):
 garbage-first heap   total 446464K, used 392143K [0x0000000085000000, 0x0000000100000000)
  region size 1024K, 25 young (25600K), 4 survivors (4096K)
 Metaspace       used 83736K, committed 84096K, reserved 1130496K
  class space    used 8922K, committed 9088K, reserved 1048576K
}
Event: 73.791 GC heap after
{Heap after GC invocations=94 (full 0):
 garbage-first heap   total 446464K, used 374316K [0x0000000085000000, 0x0000000100000000)
  region size 1024K, 4 young (4096K), 4 survivors (4096K)
 Metaspace       used 83736K, committed 84096K, reserved 1130496K
  class space    used 8922K, committed 9088K, reserved 1048576K
}
Event: 74.289 GC heap before
{Heap before GC invocations=94 (full 0):
 garbage-first heap   total 446464K, used 391724K [0x0000000085000000, 0x0000000100000000)
  region size 1024K, 21 young (21504K), 4 survivors (4096K)
 Metaspace       used 85076K, committed 85440K, reserved 1130496K
  class space    used 9068K, committed 9216K, reserved 1048576K
}
Event: 74.307 GC heap after
{Heap after GC invocations=95 (full 0):
 garbage-first heap   total 446464K, used 378831K [0x0000000085000000, 0x0000000100000000)
  region size 1024K, 3 young (3072K), 3 survivors (3072K)
 Metaspace       used 85076K, committed 85440K, reserved 1130496K
  class space    used 9068K, committed 9216K, reserved 1048576K
}
Event: 74.466 GC heap before
{Heap before GC invocations=95 (full 0):
 garbage-first heap   total 446464K, used 397263K [0x0000000085000000, 0x0000000100000000)
  region size 1024K, 21 young (21504K), 3 survivors (3072K)
 Metaspace       used 85158K, committed 85568K, reserved 1130496K
  class space    used 9068K, committed 9216K, reserved 1048576K
}
Event: 74.477 GC heap after
{Heap after GC invocations=96 (full 0):
 garbage-first heap   total 446464K, used 389745K [0x0000000085000000, 0x0000000100000000)
  region size 1024K, 3 young (3072K), 3 survivors (3072K)
 Metaspace       used 85158K, committed 85568K, reserved 1130496K
  class space    used 9068K, committed 9216K, reserved 1048576K
}
Event: 74.557 GC heap before
{Heap before GC invocations=96 (full 0):
 garbage-first heap   total 446464K, used 408177K [0x0000000085000000, 0x0000000100000000)
  region size 1024K, 21 young (21504K), 3 survivors (3072K)
 Metaspace       used 85171K, committed 85568K, reserved 1130496K
  class space    used 9068K, committed 9216K, reserved 1048576K
}
Event: 74.568 GC heap after
{Heap after GC invocations=97 (full 0):
 garbage-first heap   total 509952K, used 400787K [0x0000000085000000, 0x0000000100000000)
  region size 1024K, 3 young (3072K), 3 survivors (3072K)
 Metaspace       used 85171K, committed 85568K, reserved 1130496K
  class space    used 9068K, committed 9216K, reserved 1048576K
}
Event: 74.668 GC heap before
{Heap before GC invocations=97 (full 0):
 garbage-first heap   total 509952K, used 427411K [0x0000000085000000, 0x0000000100000000)
  region size 1024K, 29 young (29696K), 3 survivors (3072K)
 Metaspace       used 85184K, committed 85568K, reserved 1130496K
  class space    used 9068K, committed 9216K, reserved 1048576K
}
Event: 74.682 GC heap after
{Heap after GC invocations=98 (full 0):
 garbage-first heap   total 509952K, used 416719K [0x0000000085000000, 0x0000000100000000)
  region size 1024K, 4 young (4096K), 4 survivors (4096K)
 Metaspace       used 85184K, committed 85568K, reserved 1130496K
  class space    used 9068K, committed 9216K, reserved 1048576K
}
Event: 74.746 GC heap before
{Heap before GC invocations=98 (full 0):
 garbage-first heap   total 509952K, used 437199K [0x0000000085000000, 0x0000000100000000)
  region size 1024K, 24 young (24576K), 4 survivors (4096K)
 Metaspace       used 85205K, committed 85568K, reserved 1130496K
  class space    used 9068K, committed 9216K, reserved 1048576K
}
Event: 74.761 GC heap after
{Heap after GC invocations=99 (full 0):
 garbage-first heap   total 509952K, used 429660K [0x0000000085000000, 0x0000000100000000)
  region size 1024K, 3 young (3072K), 3 survivors (3072K)
 Metaspace       used 85205K, committed 85568K, reserved 1130496K
  class space    used 9068K, committed 9216K, reserved 1048576K
}
Event: 74.824 GC heap before
{Heap before GC invocations=99 (full 0):
 garbage-first heap   total 509952K, used 451164K [0x0000000085000000, 0x0000000100000000)
  region size 1024K, 24 young (24576K), 3 survivors (3072K)
 Metaspace       used 85210K, committed 85568K, reserved 1130496K
  class space    used 9068K, committed 9216K, reserved 1048576K
}
Event: 74.835 GC heap after
{Heap after GC invocations=100 (full 0):
 garbage-first heap   total 509952K, used 442647K [0x0000000085000000, 0x0000000100000000)
  region size 1024K, 3 young (3072K), 3 survivors (3072K)
 Metaspace       used 85210K, committed 85568K, reserved 1130496K
  class space    used 9068K, committed 9216K, reserved 1048576K
}
Event: 74.897 GC heap before
{Heap before GC invocations=100 (full 0):
 garbage-first heap   total 509952K, used 464151K [0x0000000085000000, 0x0000000100000000)
  region size 1024K, 24 young (24576K), 3 survivors (3072K)
 Metaspace       used 85211K, committed 85568K, reserved 1130496K
  class space    used 9068K, committed 9216K, reserved 1048576K
}

