# JRE version: OpenJDK Runtime Environment (17.0.6) (build 17.0.6+0-b2043.56-10027231)
# Java VM: OpenJDK 64-Bit Server VM (17.0.6+0-b2043.56-10027231, mixed mode, tiered, compressed oops, compressed class ptrs, g1 gc, windows-amd64)
GC Precious Log:
 CPUs: 8 total, 8 available
 Memory: 7865M
 Large Page Support: Disabled
 NUMA Support: Disabled
 Compressed Oops: Enabled (32-bit)
 Heap Region Size: 1M
 Heap Min Capacity: 8M
 Heap Initial Capacity: 124M
 Heap Max Capacity: 2G
 Pre-touch: Disabled
 Parallel Workers: 8
 Concurrent Workers: 2
 Concurrent Refinement Workers: 8
 Periodic GC: Disabled
Heap:
 garbage-first heap   total 159744K, used 86216K [0x0000000080000000, 0x0000000100000000)
  region size 1024K, 4 young (4096K), 4 survivors (4096K)
 Metaspace       used 92817K, committed 93504K, reserved 1130496K
  class space    used 12641K, committed 12992K, reserved 1048576K
GC Heap History (20 events):
Event: 7.202 GC heap after
{Heap after GC invocations=23 (full 0):
 garbage-first heap   total 121856K, used 64052K [0x0000000080000000, 0x0000000100000000)
  region size 1024K, 3 young (3072K), 3 survivors (3072K)
 Metaspace       used 69880K, committed 70464K, reserved 1114112K
  class space    used 9205K, committed 9472K, reserved 1048576K
}
Event: 7.595 GC heap before
{Heap before GC invocations=24 (full 0):
 garbage-first heap   total 121856K, used 92724K [0x0000000080000000, 0x0000000100000000)
  region size 1024K, 31 young (31744K), 3 survivors (3072K)
 Metaspace       used 72358K, committed 72960K, reserved 1114112K
  class space    used 9536K, committed 9792K, reserved 1048576K
}
Event: 7.599 GC heap after
{Heap after GC invocations=25 (full 0):
 garbage-first heap   total 121856K, used 66318K [0x0000000080000000, 0x0000000100000000)
  region size 1024K, 3 young (3072K), 3 survivors (3072K)
 Metaspace       used 72358K, committed 72960K, reserved 1114112K
  class space    used 9536K, committed 9792K, reserved 1048576K
}
Event: 7.882 GC heap before
{Heap before GC invocations=25 (full 0):
 garbage-first heap   total 121856K, used 94990K [0x0000000080000000, 0x0000000100000000)
  region size 1024K, 31 young (31744K), 3 survivors (3072K)
 Metaspace       used 74829K, committed 75392K, reserved 1122304K
  class space    used 9902K, committed 10176K, reserved 1048576K
}
Event: 7.888 GC heap after
{Heap after GC invocations=26 (full 0):
 garbage-first heap   total 121856K, used 68671K [0x0000000080000000, 0x0000000100000000)
  region size 1024K, 3 young (3072K), 3 survivors (3072K)
 Metaspace       used 74829K, committed 75392K, reserved 1122304K
  class space    used 9902K, committed 10176K, reserved 1048576K
}
Event: 8.155 GC heap before
{Heap before GC invocations=27 (full 0):
 garbage-first heap   total 121856K, used 96319K [0x0000000080000000, 0x0000000100000000)
  region size 1024K, 30 young (30720K), 3 survivors (3072K)
 Metaspace       used 77242K, committed 77888K, reserved 1122304K
  class space    used 10199K, committed 10496K, reserved 1048576K
}
Event: 8.161 GC heap after
{Heap after GC invocations=28 (full 0):
 garbage-first heap   total 121856K, used 73508K [0x0000000080000000, 0x0000000100000000)
  region size 1024K, 4 young (4096K), 4 survivors (4096K)
 Metaspace       used 77242K, committed 77888K, reserved 1122304K
  class space    used 10199K, committed 10496K, reserved 1048576K
}
Event: 8.320 GC heap before
{Heap before GC invocations=28 (full 0):
 garbage-first heap   total 121856K, used 98084K [0x0000000080000000, 0x0000000100000000)
  region size 1024K, 28 young (28672K), 4 survivors (4096K)
 Metaspace       used 77539K, committed 78208K, reserved 1122304K
  class space    used 10240K, committed 10560K, reserved 1048576K
}
Event: 8.326 GC heap after
{Heap after GC invocations=29 (full 0):
 garbage-first heap   total 121856K, used 75036K [0x0000000080000000, 0x0000000100000000)
  region size 1024K, 4 young (4096K), 4 survivors (4096K)
 Metaspace       used 77539K, committed 78208K, reserved 1122304K
  class space    used 10240K, committed 10560K, reserved 1048576K
}
Event: 8.563 GC heap before
{Heap before GC invocations=30 (full 0):
 garbage-first heap   total 133120K, used 97564K [0x0000000080000000, 0x0000000100000000)
  region size 1024K, 26 young (26624K), 4 survivors (4096K)
 Metaspace       used 80237K, committed 80832K, reserved 1122304K
  class space    used 10602K, committed 10880K, reserved 1048576K
}
Event: 8.567 GC heap after
{Heap after GC invocations=31 (full 0):
 garbage-first heap   total 159744K, used 76352K [0x0000000080000000, 0x0000000100000000)
  region size 1024K, 2 young (2048K), 2 survivors (2048K)
 Metaspace       used 80237K, committed 80832K, reserved 1122304K
  class space    used 10602K, committed 10880K, reserved 1048576K
}
Event: 8.631 GC heap before
{Heap before GC invocations=31 (full 0):
 garbage-first heap   total 159744K, used 81472K [0x0000000080000000, 0x0000000100000000)
  region size 1024K, 7 young (7168K), 2 survivors (2048K)
 Metaspace       used 80653K, committed 81216K, reserved 1122304K
  class space    used 10652K, committed 10944K, reserved 1048576K
}
Event: 8.634 GC heap after
{Heap after GC invocations=32 (full 0):
 garbage-first heap   total 159744K, used 75834K [0x0000000080000000, 0x0000000100000000)
  region size 1024K, 1 young (1024K), 1 survivors (1024K)
 Metaspace       used 80653K, committed 81216K, reserved 1122304K
  class space    used 10652K, committed 10944K, reserved 1048576K
}
Event: 9.591 GC heap before
{Heap before GC invocations=32 (full 0):
 garbage-first heap   total 159744K, used 124986K [0x0000000080000000, 0x0000000100000000)
  region size 1024K, 49 young (50176K), 1 survivors (1024K)
 Metaspace       used 86343K, committed 86912K, reserved 1130496K
  class space    used 11648K, committed 11904K, reserved 1048576K
}
Event: 9.597 GC heap after
{Heap after GC invocations=33 (full 0):
 garbage-first heap   total 159744K, used 78689K [0x0000000080000000, 0x0000000100000000)
  region size 1024K, 4 young (4096K), 4 survivors (4096K)
 Metaspace       used 86343K, committed 86912K, reserved 1130496K
  class space    used 11648K, committed 11904K, reserved 1048576K
}
Event: 10.433 GC heap before
{Heap before GC invocations=34 (full 0):
 garbage-first heap   total 159744K, used 127841K [0x0000000080000000, 0x0000000100000000)
  region size 1024K, 52 young (53248K), 4 survivors (4096K)
 Metaspace       used 88531K, committed 89152K, reserved 1130496K
  class space    used 11988K, committed 12288K, reserved 1048576K
}
Event: 10.442 GC heap after
{Heap after GC invocations=35 (full 0):
 garbage-first heap   total 159744K, used 82745K [0x0000000080000000, 0x0000000100000000)
  region size 1024K, 7 young (7168K), 7 survivors (7168K)
 Metaspace       used 88531K, committed 89152K, reserved 1130496K
  class space    used 11988K, committed 12288K, reserved 1048576K
}
Event: 10.451 GC heap before
{Heap before GC invocations=35 (full 0):
 garbage-first heap   total 159744K, used 83769K [0x0000000080000000, 0x0000000100000000)
  region size 1024K, 8 young (8192K), 7 survivors (7168K)
 Metaspace       used 88560K, committed 89216K, reserved 1130496K
  class space    used 11992K, committed 12288K, reserved 1048576K
}
Event: 10.459 GC heap after
{Heap after GC invocations=36 (full 0):
 garbage-first heap   total 159744K, used 83175K [0x0000000080000000, 0x0000000100000000)
  region size 1024K, 1 young (1024K), 1 survivors (1024K)
 Metaspace       used 88560K, committed 89216K, reserved 1130496K
  class space    used 11992K, committed 12288K, reserved 1048576K
}
Event: 11.369 GC heap before
{Heap before GC invocations=36 (full 0):
 garbage-first heap   total 159744K, used 129255K [0x0000000080000000, 0x0000000100000000)
  region size 1024K, 46 young (47104K), 1 survivors (1024K)
 Metaspace       used 92817K, committed 93504K, reserved 1130496K
  class space    used 12641K, committed 12992K, reserved 1048576K
}

