# JRE version: OpenJDK Runtime Environment (17.0.6) (build 17.0.6+0-b2043.56-10027231)
# Java VM: OpenJDK 64-Bit Server VM (17.0.6+0-b2043.56-10027231, mixed mode, tiered, compressed oops, compressed class ptrs, g1 gc, windows-amd64)
GC Precious Log:
 CPUs: 8 total, 8 available
 Memory: 7865M
 Large Page Support: Disabled
 NUMA Support: Disabled
 Compressed Oops: Enabled (32-bit)
 Heap Region Size: 1M
 Heap Min Capacity: 8M
 Heap Initial Capacity: 124M
 Heap Max Capacity: 1968M
 Pre-touch: Disabled
 Parallel Workers: 8
 Concurrent Workers: 2
 Concurrent Refinement Workers: 8
 Periodic GC: Disabled
Heap:
 garbage-first heap   total 333824K, used 301342K [0x0000000085000000, 0x0000000100000000)
  region size 1024K, 6 young (6144K), 2 survivors (2048K)
 Metaspace       used 74555K, committed 74944K, reserved 1122304K
  class space    used 8119K, committed 8320K, reserved 1048576K
GC Heap History (20 events):
Event: 69.970 GC heap before
{Heap before GC invocations=76 (full 0):
 garbage-first heap   total 333824K, used 303320K [0x0000000085000000, 0x0000000100000000)
  region size 1024K, 16 young (16384K), 2 survivors (2048K)
 Metaspace       used 74502K, committed 74880K, reserved 1122304K
  class space    used 8118K, committed 8320K, reserved 1048576K
}
Event: 69.978 GC heap after
{Heap after GC invocations=77 (full 0):
 garbage-first heap   total 333824K, used 290081K [0x0000000085000000, 0x0000000100000000)
  region size 1024K, 2 young (2048K), 2 survivors (2048K)
 Metaspace       used 74502K, committed 74880K, reserved 1122304K
  class space    used 8118K, committed 8320K, reserved 1048576K
}
Event: 70.216 GC heap before
{Heap before GC invocations=77 (full 0):
 garbage-first heap   total 333824K, used 304417K [0x0000000085000000, 0x0000000100000000)
  region size 1024K, 16 young (16384K), 2 survivors (2048K)
 Metaspace       used 74505K, committed 74880K, reserved 1122304K
  class space    used 8118K, committed 8320K, reserved 1048576K
}
Event: 70.224 GC heap after
{Heap after GC invocations=78 (full 0):
 garbage-first heap   total 333824K, used 291280K [0x0000000085000000, 0x0000000100000000)
  region size 1024K, 2 young (2048K), 2 survivors (2048K)
 Metaspace       used 74505K, committed 74880K, reserved 1122304K
  class space    used 8118K, committed 8320K, reserved 1048576K
}
Event: 70.481 GC heap before
{Heap before GC invocations=78 (full 0):
 garbage-first heap   total 333824K, used 305616K [0x0000000085000000, 0x0000000100000000)
  region size 1024K, 16 young (16384K), 2 survivors (2048K)
 Metaspace       used 74505K, committed 74880K, reserved 1122304K
  class space    used 8118K, committed 8320K, reserved 1048576K
}
Event: 70.484 GC heap after
{Heap after GC invocations=79 (full 0):
 garbage-first heap   total 333824K, used 292586K [0x0000000085000000, 0x0000000100000000)
  region size 1024K, 2 young (2048K), 2 survivors (2048K)
 Metaspace       used 74505K, committed 74880K, reserved 1122304K
  class space    used 8118K, committed 8320K, reserved 1048576K
}
Event: 70.661 GC heap before
{Heap before GC invocations=79 (full 0):
 garbage-first heap   total 333824K, used 306922K [0x0000000085000000, 0x0000000100000000)
  region size 1024K, 16 young (16384K), 2 survivors (2048K)
 Metaspace       used 74505K, committed 74880K, reserved 1122304K
  class space    used 8118K, committed 8320K, reserved 1048576K
}
Event: 70.665 GC heap after
{Heap after GC invocations=80 (full 0):
 garbage-first heap   total 333824K, used 293573K [0x0000000085000000, 0x0000000100000000)
  region size 1024K, 1 young (1024K), 1 survivors (1024K)
 Metaspace       used 74505K, committed 74880K, reserved 1122304K
  class space    used 8118K, committed 8320K, reserved 1048576K
}
Event: 70.892 GC heap before
{Heap before GC invocations=80 (full 0):
 garbage-first heap   total 333824K, used 308933K [0x0000000085000000, 0x0000000100000000)
  region size 1024K, 16 young (16384K), 1 survivors (1024K)
 Metaspace       used 74509K, committed 74880K, reserved 1122304K
  class space    used 8118K, committed 8320K, reserved 1048576K
}
Event: 70.895 GC heap after
{Heap after GC invocations=81 (full 0):
 garbage-first heap   total 333824K, used 294506K [0x0000000085000000, 0x0000000100000000)
  region size 1024K, 2 young (2048K), 2 survivors (2048K)
 Metaspace       used 74509K, committed 74880K, reserved 1122304K
  class space    used 8118K, committed 8320K, reserved 1048576K
}
Event: 71.224 GC heap before
{Heap before GC invocations=81 (full 0):
 garbage-first heap   total 333824K, used 308842K [0x0000000085000000, 0x0000000100000000)
  region size 1024K, 16 young (16384K), 2 survivors (2048K)
 Metaspace       used 74517K, committed 74880K, reserved 1122304K
  class space    used 8118K, committed 8320K, reserved 1048576K
}
Event: 71.228 GC heap after
{Heap after GC invocations=82 (full 0):
 garbage-first heap   total 333824K, used 295564K [0x0000000085000000, 0x0000000100000000)
  region size 1024K, 2 young (2048K), 2 survivors (2048K)
 Metaspace       used 74517K, committed 74880K, reserved 1122304K
  class space    used 8118K, committed 8320K, reserved 1048576K
}
Event: 71.517 GC heap before
{Heap before GC invocations=82 (full 0):
 garbage-first heap   total 333824K, used 309900K [0x0000000085000000, 0x0000000100000000)
  region size 1024K, 16 young (16384K), 2 survivors (2048K)
 Metaspace       used 74530K, committed 74880K, reserved 1122304K
  class space    used 8119K, committed 8320K, reserved 1048576K
}
Event: 71.522 GC heap after
{Heap after GC invocations=83 (full 0):
 garbage-first heap   total 333824K, used 296728K [0x0000000085000000, 0x0000000100000000)
  region size 1024K, 2 young (2048K), 2 survivors (2048K)
 Metaspace       used 74530K, committed 74880K, reserved 1122304K
  class space    used 8119K, committed 8320K, reserved 1048576K
}
Event: 71.744 GC heap before
{Heap before GC invocations=83 (full 0):
 garbage-first heap   total 333824K, used 311064K [0x0000000085000000, 0x0000000100000000)
  region size 1024K, 16 young (16384K), 2 survivors (2048K)
 Metaspace       used 74549K, committed 74944K, reserved 1122304K
  class space    used 8119K, committed 8320K, reserved 1048576K
}
Event: 71.749 GC heap after
{Heap after GC invocations=84 (full 0):
 garbage-first heap   total 333824K, used 297865K [0x0000000085000000, 0x0000000100000000)
  region size 1024K, 2 young (2048K), 2 survivors (2048K)
 Metaspace       used 74549K, committed 74944K, reserved 1122304K
  class space    used 8119K, committed 8320K, reserved 1048576K
}
Event: 71.972 GC heap before
{Heap before GC invocations=84 (full 0):
 garbage-first heap   total 333824K, used 312201K [0x0000000085000000, 0x0000000100000000)
  region size 1024K, 16 young (16384K), 2 survivors (2048K)
 Metaspace       used 74550K, committed 74944K, reserved 1122304K
  class space    used 8119K, committed 8320K, reserved 1048576K
}
Event: 71.977 GC heap after
{Heap after GC invocations=85 (full 0):
 garbage-first heap   total 333824K, used 299219K [0x0000000085000000, 0x0000000100000000)
  region size 1024K, 2 young (2048K), 2 survivors (2048K)
 Metaspace       used 74550K, committed 74944K, reserved 1122304K
  class space    used 8119K, committed 8320K, reserved 1048576K
}
Event: 72.301 GC heap before
{Heap before GC invocations=85 (full 0):
 garbage-first heap   total 333824K, used 313555K [0x0000000085000000, 0x0000000100000000)
  region size 1024K, 16 young (16384K), 2 survivors (2048K)
 Metaspace       used 74555K, committed 74944K, reserved 1122304K
  class space    used 8119K, committed 8320K, reserved 1048576K
}
Event: 72.307 GC heap after
{Heap after GC invocations=86 (full 0):
 garbage-first heap   total 333824K, used 300318K [0x0000000085000000, 0x0000000100000000)
  region size 1024K, 2 young (2048K), 2 survivors (2048K)
 Metaspace       used 74555K, committed 74944K, reserved 1122304K
  class space    used 8119K, committed 8320K, reserved 1048576K
}

