# JRE version: OpenJDK Runtime Environment (17.0.6) (build 17.0.6+0-b2043.56-10027231)
# Java VM: OpenJDK 64-Bit Server VM (17.0.6+0-b2043.56-10027231, mixed mode, tiered, compressed oops, compressed class ptrs, g1 gc, windows-amd64)
GC Precious Log:
 CPUs: 8 total, 8 available
 Memory: 7865M
 Large Page Support: Disabled
 NUMA Support: Disabled
 Compressed Oops: Enabled (32-bit)
 Heap Region Size: 1M
 Heap Min Capacity: 8M
 Heap Initial Capacity: 124M
 Heap Max Capacity: 1968M
 Pre-touch: Disabled
 Parallel Workers: 8
 Concurrent Workers: 2
 Concurrent Refinement Workers: 8
 Periodic GC: Disabled
Heap:
 garbage-first heap   total 260096K, used 160264K [0x0000000085000000, 0x0000000100000000)
  region size 1024K, 13 young (13312K), 2 survivors (2048K)
 Metaspace       used 70490K, committed 70912K, reserved 1114112K
  class space    used 7869K, committed 8064K, reserved 1048576K
GC Heap History (20 events):
Event: 4.769 GC heap before
{Heap before GC invocations=21 (full 0):
 garbage-first heap   total 91136K, used 55854K [0x0000000085000000, 0x0000000100000000)
  region size 1024K, 4 young (4096K), 1 survivors (1024K)
 Metaspace       used 48270K, committed 48512K, reserved 1097728K
  class space    used 5709K, committed 5824K, reserved 1048576K
}
Event: 4.775 GC heap after
{Heap after GC invocations=22 (full 0):
 garbage-first heap   total 179200K, used 54272K [0x0000000085000000, 0x0000000100000000)
  region size 1024K, 1 young (1024K), 1 survivors (1024K)
 Metaspace       used 48270K, committed 48512K, reserved 1097728K
  class space    used 5709K, committed 5824K, reserved 1048576K
}
Event: 5.402 GC heap before
{Heap before GC invocations=22 (full 0):
 garbage-first heap   total 179200K, used 116736K [0x0000000085000000, 0x0000000100000000)
  region size 1024K, 59 young (60416K), 1 survivors (1024K)
 Metaspace       used 51119K, committed 51392K, reserved 1097728K
  class space    used 6044K, committed 6144K, reserved 1048576K
}
Event: 5.411 GC heap after
{Heap after GC invocations=23 (full 0):
 garbage-first heap   total 179200K, used 67277K [0x0000000085000000, 0x0000000100000000)
  region size 1024K, 8 young (8192K), 8 survivors (8192K)
 Metaspace       used 51119K, committed 51392K, reserved 1097728K
  class space    used 6044K, committed 6144K, reserved 1048576K
}
Event: 6.144 GC heap before
{Heap before GC invocations=23 (full 0):
 garbage-first heap   total 179200K, used 118477K [0x0000000085000000, 0x0000000100000000)
  region size 1024K, 58 young (59392K), 8 survivors (8192K)
 Metaspace       used 56545K, committed 56832K, reserved 1105920K
  class space    used 6704K, committed 6848K, reserved 1048576K
}
Event: 6.154 GC heap after
{Heap after GC invocations=24 (full 0):
 garbage-first heap   total 179200K, used 73256K [0x0000000085000000, 0x0000000100000000)
  region size 1024K, 7 young (7168K), 7 survivors (7168K)
 Metaspace       used 56545K, committed 56832K, reserved 1105920K
  class space    used 6704K, committed 6848K, reserved 1048576K
}
Event: 6.882 GC heap before
{Heap before GC invocations=24 (full 0):
 garbage-first heap   total 179200K, used 127528K [0x0000000085000000, 0x0000000100000000)
  region size 1024K, 58 young (59392K), 7 survivors (7168K)
 Metaspace       used 58567K, committed 58816K, reserved 1105920K
  class space    used 6854K, committed 6976K, reserved 1048576K
}
Event: 6.902 GC heap after
{Heap after GC invocations=25 (full 0):
 garbage-first heap   total 179200K, used 84992K [0x0000000085000000, 0x0000000100000000)
  region size 1024K, 8 young (8192K), 8 survivors (8192K)
 Metaspace       used 58567K, committed 58816K, reserved 1105920K
  class space    used 6854K, committed 6976K, reserved 1048576K
}
Event: 7.544 GC heap before
{Heap before GC invocations=25 (full 0):
 garbage-first heap   total 179200K, used 132096K [0x0000000085000000, 0x0000000100000000)
  region size 1024K, 54 young (55296K), 8 survivors (8192K)
 Metaspace       used 58943K, committed 59264K, reserved 1105920K
  class space    used 6859K, committed 7040K, reserved 1048576K
}
Event: 7.566 GC heap after
{Heap after GC invocations=26 (full 0):
 garbage-first heap   total 260096K, used 95584K [0x0000000085000000, 0x0000000100000000)
  region size 1024K, 7 young (7168K), 7 survivors (7168K)
 Metaspace       used 58943K, committed 59264K, reserved 1105920K
  class space    used 6859K, committed 7040K, reserved 1048576K
}
Event: 8.600 GC heap before
{Heap before GC invocations=26 (full 0):
 garbage-first heap   total 260096K, used 189792K [0x0000000085000000, 0x0000000100000000)
  region size 1024K, 90 young (92160K), 7 survivors (7168K)
 Metaspace       used 62115K, committed 62464K, reserved 1105920K
  class space    used 7197K, committed 7360K, reserved 1048576K
}
Event: 8.627 GC heap after
{Heap after GC invocations=27 (full 0):
 garbage-first heap   total 260096K, used 120832K [0x0000000085000000, 0x0000000100000000)
  region size 1024K, 12 young (12288K), 12 survivors (12288K)
 Metaspace       used 62115K, committed 62464K, reserved 1105920K
  class space    used 7197K, committed 7360K, reserved 1048576K
}
Event: 10.437 GC heap before
{Heap before GC invocations=27 (full 0):
 garbage-first heap   total 260096K, used 191488K [0x0000000085000000, 0x0000000100000000)
  region size 1024K, 81 young (82944K), 12 survivors (12288K)
 Metaspace       used 67347K, committed 67776K, reserved 1114112K
  class space    used 7665K, committed 7872K, reserved 1048576K
}
Event: 10.460 GC heap after
{Heap after GC invocations=28 (full 0):
 garbage-first heap   total 260096K, used 131406K [0x0000000085000000, 0x0000000100000000)
  region size 1024K, 10 young (10240K), 10 survivors (10240K)
 Metaspace       used 67347K, committed 67776K, reserved 1114112K
  class space    used 7665K, committed 7872K, reserved 1048576K
}
Event: 12.133 GC heap before
{Heap before GC invocations=28 (full 0):
 garbage-first heap   total 260096K, used 197966K [0x0000000085000000, 0x0000000100000000)
  region size 1024K, 75 young (76800K), 10 survivors (10240K)
 Metaspace       used 70035K, committed 70400K, reserved 1114112K
  class space    used 7858K, committed 8064K, reserved 1048576K
}
Event: 12.151 GC heap after
{Heap after GC invocations=29 (full 0):
 garbage-first heap   total 260096K, used 141650K [0x0000000085000000, 0x0000000100000000)
  region size 1024K, 10 young (10240K), 10 survivors (10240K)
 Metaspace       used 70035K, committed 70400K, reserved 1114112K
  class space    used 7858K, committed 8064K, reserved 1048576K
}
Event: 13.177 GC heap before
{Heap before GC invocations=30 (full 0):
 garbage-first heap   total 260096K, used 201042K [0x0000000085000000, 0x0000000100000000)
  region size 1024K, 70 young (71680K), 10 survivors (10240K)
 Metaspace       used 70391K, committed 70784K, reserved 1114112K
  class space    used 7869K, committed 8064K, reserved 1048576K
}
Event: 13.195 GC heap after
{Heap after GC invocations=31 (full 0):
 garbage-first heap   total 260096K, used 148809K [0x0000000085000000, 0x0000000100000000)
  region size 1024K, 9 young (9216K), 9 survivors (9216K)
 Metaspace       used 70391K, committed 70784K, reserved 1114112K
  class space    used 7869K, committed 8064K, reserved 1048576K
}
Event: 13.299 GC heap before
{Heap before GC invocations=31 (full 0):
 garbage-first heap   total 260096K, used 151881K [0x0000000085000000, 0x0000000100000000)
  region size 1024K, 12 young (12288K), 9 survivors (9216K)
 Metaspace       used 70418K, committed 70784K, reserved 1114112K
  class space    used 7869K, committed 8064K, reserved 1048576K
}
Event: 13.309 GC heap after
{Heap after GC invocations=32 (full 0):
 garbage-first heap   total 260096K, used 150024K [0x0000000085000000, 0x0000000100000000)
  region size 1024K, 2 young (2048K), 2 survivors (2048K)
 Metaspace       used 70418K, committed 70784K, reserved 1114112K
  class space    used 7869K, committed 8064K, reserved 1048576K
}

